Processed 99 entries for level1 and saved to ./eval/data/predict/01_15_2025/top_10/LLMs/ZeroShot/gpt-4o/testdata_level1.jsonl
Processed 100 entries for level2 and saved to ./eval/data/predict/01_15_2025/top_10/LLMs/ZeroShot/gpt-4o/testdata_level2.jsonl
Processed 98 entries for level3 and saved to ./eval/data/predict/01_15_2025/top_10/LLMs/ZeroShot/gpt-4o/testdata_level3.jsonl
Processed 100 entries for level1 and saved to ./eval/data/predict/01_15_2025/top_10/LLMs/ZeroShot/gpt-4o/testdata_level1.jsonl
Processed 100 entries for level2 and saved to ./eval/data/predict/01_15_2025/top_10/LLMs/ZeroShot/gpt-4o/testdata_level2.jsonl
Processed 100 entries for level3 and saved to ./eval/data/predict/01_15_2025/top_10/LLMs/ZeroShot/gpt-4o/testdata_level3.jsonl
Processed 96 entries for level1 and saved to ./eval/data/predict/01_15_2025/top_10/LLMs/FewShot/gpt-4o/testdata_level1.jsonl
Processed 89 entries for level2 and saved to ./eval/data/predict/01_15_2025/top_10/LLMs/FewShot/gpt-4o/testdata_level2.jsonl
Processed 91 entries for level3 and saved to ./eval/data/predict/01_15_2025/top_10/LLMs/FewShot/gpt-4o/testdata_level3.jsonl
Processed 99 entries for level1 and saved to ./eval/data/predict/01_15_2025/top_10/LLMs/FewShot-CoT/gpt-4o/testdata_level1.jsonl
Processed 96 entries for level2 and saved to ./eval/data/predict/01_15_2025/top_10/LLMs/FewShot-CoT/gpt-4o/testdata_level2.jsonl
Processed 99 entries for level3 and saved to ./eval/data/predict/01_15_2025/top_10/LLMs/FewShot-CoT/gpt-4o/testdata_level3.jsonl
Processed 100 entries for level1 and saved to ./eval/data/predict/01_15_2025/top_10/AE/gpt-4o/testdata_level1.jsonl
Processed 99 entries for level2 and saved to ./eval/data/predict/01_15_2025/top_10/AE/gpt-4o/testdata_level2.jsonl
Processed 100 entries for level3 and saved to ./eval/data/predict/01_15_2025/top_10/AE/gpt-4o/testdata_level3.jsonl
Processed 73 entries for level1 and saved to ./eval/data/predict/01_15_2025/top_10/AE_Reverse/gpt-4o/testdata_level1.jsonl
Processed 86 entries for level2 and saved to ./eval/data/predict/01_15_2025/top_10/AE_Reverse/gpt-4o/testdata_level2.jsonl
Processed 59 entries for level3 and saved to ./eval/data/predict/01_15_2025/top_10/AE_Reverse/gpt-4o/testdata_level3.jsonl
Results for ZeroShot saved
Results for ZeroShot CoT saved
Results for FewShot saved
Results for FewShot CoT saved
Results for Action Engine saved
Results for Reverse Chain saved
/home/UNT/ae0589/project/action_engine/eval/plot.py:64: MatplotlibDeprecationWarning: The get_cmap function was deprecated in Matplotlib 3.7 and will be removed in 3.11. Use ``matplotlib.colormaps[name]`` or ``matplotlib.colormaps.get_cmap()`` or ``pyplot.get_cmap()`` instead.
  colors = plt.cm.get_cmap("tab10", num_methods)
Processed 99 entries for level1 and saved to ./eval/data/predict/01_15_2025/top_20/LLMs/ZeroShot/gpt-4o/testdata_level1.jsonl
Processed 100 entries for level2 and saved to ./eval/data/predict/01_15_2025/top_20/LLMs/ZeroShot/gpt-4o/testdata_level2.jsonl
Processed 99 entries for level3 and saved to ./eval/data/predict/01_15_2025/top_20/LLMs/ZeroShot/gpt-4o/testdata_level3.jsonl
Processed 100 entries for level1 and saved to ./eval/data/predict/01_15_2025/top_20/LLMs/ZeroShot/gpt-4o/testdata_level1.jsonl
Processed 100 entries for level2 and saved to ./eval/data/predict/01_15_2025/top_20/LLMs/ZeroShot/gpt-4o/testdata_level2.jsonl
Processed 100 entries for level3 and saved to ./eval/data/predict/01_15_2025/top_20/LLMs/ZeroShot/gpt-4o/testdata_level3.jsonl
Processed 98 entries for level1 and saved to ./eval/data/predict/01_15_2025/top_20/LLMs/FewShot/gpt-4o/testdata_level1.jsonl
Processed 98 entries for level2 and saved to ./eval/data/predict/01_15_2025/top_20/LLMs/FewShot/gpt-4o/testdata_level2.jsonl
Processed 99 entries for level3 and saved to ./eval/data/predict/01_15_2025/top_20/LLMs/FewShot/gpt-4o/testdata_level3.jsonl
Processed 99 entries for level1 and saved to ./eval/data/predict/01_15_2025/top_20/LLMs/FewShot-CoT/gpt-4o/testdata_level1.jsonl
Processed 96 entries for level2 and saved to ./eval/data/predict/01_15_2025/top_20/LLMs/FewShot-CoT/gpt-4o/testdata_level2.jsonl
Processed 99 entries for level3 and saved to ./eval/data/predict/01_15_2025/top_20/LLMs/FewShot-CoT/gpt-4o/testdata_level3.jsonl
Processed 100 entries for level1 and saved to ./eval/data/predict/01_15_2025/top_20/AE/gpt-4o/testdata_level1.jsonl
Processed 99 entries for level2 and saved to ./eval/data/predict/01_15_2025/top_20/AE/gpt-4o/testdata_level2.jsonl
Processed 100 entries for level3 and saved to ./eval/data/predict/01_15_2025/top_20/AE/gpt-4o/testdata_level3.jsonl
Processed 78 entries for level1 and saved to ./eval/data/predict/01_15_2025/top_20/AE_Reverse/gpt-4o/testdata_level1.jsonl
Processed 79 entries for level2 and saved to ./eval/data/predict/01_15_2025/top_20/AE_Reverse/gpt-4o/testdata_level2.jsonl
Processed 59 entries for level3 and saved to ./eval/data/predict/01_15_2025/top_20/AE_Reverse/gpt-4o/testdata_level3.jsonl
Results for ZeroShot saved
Results for ZeroShot CoT saved
Results for FewShot saved
Results for FewShot CoT saved
Results for Action Engine saved
Results for Reverse Chain saved
/home/UNT/ae0589/project/action_engine/eval/plot.py:64: MatplotlibDeprecationWarning: The get_cmap function was deprecated in Matplotlib 3.7 and will be removed in 3.11. Use ``matplotlib.colormaps[name]`` or ``matplotlib.colormaps.get_cmap()`` or ``pyplot.get_cmap()`` instead.
  colors = plt.cm.get_cmap("tab10", num_methods)

Processed 93 entries for level1 and saved to ./eval/data/predict/01_15_2025/top_30/LLMs/FewShot/gpt-4o/testdata_level1.jsonl
Processed 87 entries for level2 and saved to ./eval/data/predict/01_15_2025/top_30/LLMs/FewShot/gpt-4o/testdata_level2.jsonl
Processed 84 entries for level3 and saved to ./eval/data/predict/01_15_2025/top_30/LLMs/FewShot/gpt-4o/testdata_level3.jsonl
Processed 97 entries for level1 and saved to ./eval/data/predict/01_15_2025/top_30/LLMs/FewShot-CoT/gpt-4o/testdata_level1.jsonl
Processed 92 entries for level2 and saved to ./eval/data/predict/01_15_2025/top_30/LLMs/FewShot-CoT/gpt-4o/testdata_level2.jsonl
Processed 98 entries for level3 and saved to ./eval/data/predict/01_15_2025/top_30/LLMs/FewShot-CoT/gpt-4o/testdata_level3.jsonl
Processed 100 entries for level1 and saved to ./eval/data/predict/01_15_2025/top_30/AE/gpt-4o/testdata_level1.jsonl
Processed 99 entries for level2 and saved to ./eval/data/predict/01_15_2025/top_30/AE/gpt-4o/testdata_level2.jsonl
Processed 100 entries for level3 and saved to ./eval/data/predict/01_15_2025/top_30/AE/gpt-4o/testdata_level3.jsonl
Processed 85 entries for level1 and saved to ./eval/data/predict/01_15_2025/top_30/AE_Reverse/gpt-4o/testdata_level1.jsonl
Processed 84 entries for level2 and saved to ./eval/data/predict/01_15_2025/top_30/AE_Reverse/gpt-4o/testdata_level2.jsonl
Processed 57 entries for level3 and saved to ./eval/data/predict/01_15_2025/top_30/AE_Reverse/gpt-4o/testdata_level3.jsonl
Results for FewShot saved
Results for FewShot CoT saved
Results for Action Engine saved
Results for Reverse Chain saved
/home/UNT/ae0589/project/action_engine/eval/plot.py:64: MatplotlibDeprecationWarning: The get_cmap function was deprecated in Matplotlib 3.7 and will be removed in 3.11. Use ``matplotlib.colormaps[name]`` or ``matplotlib.colormaps.get_cmap()`` or ``pyplot.

Processed 93 entries for level1 and saved to ./eval/data/predict/LLMs/FewShot/gpt-4o/testdata_level1.jsonl
Processed 87 entries for level2 and saved to ./eval/data/predict/LLMs/FewShot/gpt-4o/testdata_level2.jsonl
Processed 87 entries for level3 and saved to ./eval/data/predict/LLMs/FewShot/gpt-4o/testdata_level3.jsonl
Processed 93 entries for level1 and saved to ./eval/data/predict/LLMs/FewShot-CoT/gpt-4o/testdata_level1.jsonl
Processed 87 entries for level2 and saved to ./eval/data/predict/LLMs/FewShot-CoT/gpt-4o/testdata_level2.jsonl
Processed 92 entries for level3 and saved to ./eval/data/predict/LLMs/FewShot-CoT/gpt-4o/testdata_level3.jsonl
Processed 100 entries for level1 and saved to ./eval/data/predict/AE/gpt-4o/testdata_level1.jsonl
Processed 99 entries for level2 and saved to ./eval/data/predict/AE/gpt-4o/testdata_level2.jsonl
Processed 100 entries for level3 and saved to ./eval/data/predict/AE/gpt-4o/testdata_level3.jsonl
Processed 84 entries for level1 and saved to ./eval/data/predict/AE_Reverse/gpt-4o/testdata_level1.jsonl
Processed 78 entries for level2 and saved to ./eval/data/predict/AE_Reverse/gpt-4o/testdata_level2.jsonl
Processed 55 entries for level3 and saved to ./eval/data/predict/AE_Reverse/gpt-4o/testdata_level3.jsonl
Error processing key 'transportFare' with value '{{ tasks.transportfare.result }}': Invalid index format: ransportfare
Error processing key 'transportFare' with value '{{ tasks.transportfare.result }}': Invalid index format: ransportfare
Error processing key 'transportFare' with value '{{ tasks.transportfare.result }}': Invalid index format: ransportfare
Error processing key 'transportFare' with value '{{ tasks.transportfare.result }}': Invalid index format: ransportfare
Error processing key 'transportFare' with value '{{ tasks.transportfare.result }}': Invalid index format: ransportfare
Error processing key 'transportFare' with value '{{ tasks.transportfare.result }}': Invalid index format: ransportfare
Error processing key 'transportFare' with value '{{ tasks.transportfare.result }}': Invalid index format: ransportfare
Error processing key 'transportFare' with value '{{ tasks.transportfare.result }}': Invalid index format: ransportfare
Error processing key 'transportFare' with value '{{ tasks.transportfare.result }}': Invalid index format: ransportfare
Error processing key 'transportFare' with value '{{ tasks.transportfare.result }}': Invalid index format: ransportfare
Error processing key 'transportFare' with value '{{ tasks.transportfare.result }}': Invalid index format: ransportfare
Error processing key 'transportFare' with value '{{ tasks.transportfare.result }}': Invalid index format: ransportfare
Error processing key 'transportFare' with value '{{ tasks.transportfare.result }}': Invalid index format: ransportfare
Error processing key 'transportFare' with value '{{ tasks.transportfare.result }}': Invalid index format: ransportfare
Error processing key 'transportFare' with value '{{ tasks.transportfare.result }}': Invalid index format: ransportfare
Results for FewShot saved
Results for FewShot CoT saved
Results for Action Engine saved
Results for Reverse Chain saved
/home/UNT/ae0589/project/action_engine/eval/plot.py:64: MatplotlibDeprecationWarning: The get_cmap function was deprecated in Matplotlib 3.7 and will be removed in 3.11. Use ``matplotlib.colormaps[name]`` or ``matplotlib.colormaps.get_cmap()`` or ``pyplot.get_cmap()`` instead.
  colors = plt.cm.get_cmap("tab10", num_methods)
/home/UNT/ae0589/project/action_engine/utils/llms.py:33: LangChainDeprecationWarning: The class `ChatOpenAI` was deprecated in LangChain 0.0.10 and will be removed in 1.0. An updated version of the class exists in the :class:`~langchain-openai package and should be used instead. To use it run `pip install -U :class:`~langchain-openai` and import as `from :class:`~langchain_openai import ChatOpenAI``.
  _loaded_model = ChatOpenAI(model="gpt-4o", temperature=0, api_key=openai_api_key)
/home/UNT/ae0589/project/action_engine/eval/data/predict/fewshot_COT_param.py:29: LangChainDeprecationWarning: Importing OpenAIEmbeddings from langchain.embeddings is deprecated. Please replace deprecated imports:

>> from langchain.embeddings import OpenAIEmbeddings

with new imports of:

>> from langchain_community.embeddings import OpenAIEmbeddings
You can use the langchain cli to **automatically** upgrade many imports. Please see documentation here <https://python.langchain.com/docs/versions/v0_2/>
  from langchain.embeddings import OpenAIEmbeddings
/home/UNT/ae0589/project/action_engine/utils/llms.py:109: LangChainDeprecationWarning: The function `convert_pydantic_to_openai_function` was deprecated in LangChain 0.1.16 and will be removed in 1.0. Use :meth:`~langchain_core.utils.function_calling.convert_to_openai_function()` instead.
  extraction_functions = [convert_pydantic_to_openai_function(pydantic_schema)]
Running level1 at number 0
Running level1 at number 1
Running level1 at number 2
Running level1 at number 3
Running level1 at number 4
Running level1 at number 5
Running level1 at number 6
Running level1 at number 7
Running level1 at number 8
Running level1 at number 9
Running level1 at number 10
Running level1 at number 11
Running level1 at number 12
Running level1 at number 13
Running level1 at number 14
Running level1 at number 15
Running level1 at number 16
Running level1 at number 17
Running level1 at number 18
Running level1 at number 19
Running level1 at number 20
Running level1 at number 21
Running level1 at number 22
Running level1 at number 23
Running level1 at number 24
Running level1 at number 25
Running level1 at number 26
Running level1 at number 27
Running level1 at number 28
Running level1 at number 29
Running level1 at number 30
Running level1 at number 31
Running level1 at number 32
Running level1 at number 33
Running level1 at number 34
Running level1 at number 35
Running level1 at number 36
Running level1 at number 37
Running level1 at number 38
Running level1 at number 39
Running level1 at number 40
Running level1 at number 41
Running level1 at number 42
Running level1 at number 43
Running level1 at number 44
Running level1 at number 45
Running level1 at number 46
Running level1 at number 47
Running level1 at number 48
Running level1 at number 49
Running level1 at number 50
Running level1 at number 51
Running level1 at number 52
Running level1 at number 53
Running level1 at number 54
Running level1 at number 55
Running level1 at number 56
Running level1 at number 57
Running level1 at number 58
Running level1 at number 59
Running level1 at number 60
Running level1 at number 61
Running level1 at number 62
Running level1 at number 63
Running level1 at number 64
Running level1 at number 65
Running level1 at number 66
Running level1 at number 67
Running level1 at number 68
Running level1 at number 69
Running level1 at number 70
Running level1 at number 71
Running level1 at number 72
Running level1 at number 73
Running level1 at number 74
Running level1 at number 75
Running level1 at number 76
Running level1 at number 77
Running level1 at number 78
Running level1 at number 79
Running level1 at number 80
Running level1 at number 81
Running level1 at number 82
Running level1 at number 83
Running level1 at number 84
Running level1 at number 85
Running level1 at number 86
Running level1 at number 87
Running level1 at number 88
Running level1 at number 89
Running level1 at number 90
Running level1 at number 91
Running level1 at number 92
Running level1 at number 93
Running level1 at number 94
Running level1 at number 95
Running level1 at number 96
Running level1 at number 97
Running level1 at number 98
Running level1 at number 99
level1 Generation Success
Running level2 at number 0
Running level2 at number 1
Running level2 at number 2
Running level2 at number 3
Running level2 at number 4
Running level2 at number 5
Running level2 at number 6
Running level2 at number 7
Running level2 at number 8
Running level2 at number 9
Running level2 at number 10
Running level2 at number 11
Running level2 at number 12
Running level2 at number 13
Running level2 at number 14
Running level2 at number 15
Running level2 at number 16
Running level2 at number 17
Running level2 at number 18
Running level2 at number 19
Running level2 at number 20
Running level2 at number 21
Running level2 at number 22
Running level2 at number 23
Running level2 at number 24
Running level2 at number 25
Running level2 at number 26
Running level2 at number 27
Running level2 at number 28
Running level2 at number 29
Running level2 at number 30
Running level2 at number 31
Running level2 at number 32
Running level2 at number 33
Running level2 at number 34
Running level2 at number 35
Running level2 at number 36
Running level2 at number 37
Running level2 at number 38
Running level2 at number 39
Running level2 at number 40
Running level2 at number 41
Running level2 at number 42
Running level2 at number 43
Running level2 at number 44
Running level2 at number 45
Running level2 at number 46
Running level2 at number 47
Running level2 at number 48
Running level2 at number 49
Running level2 at number 50
Running level2 at number 51
Running level2 at number 52
Running level2 at number 53
Running level2 at number 54
Running level2 at number 55
Running level2 at number 56
Running level2 at number 57
Running level2 at number 58
Running level2 at number 59
Running level2 at number 60
Running level2 at number 61
Running level2 at number 62
Running level2 at number 63
Running level2 at number 64
Running level2 at number 65
Running level2 at number 66
Running level2 at number 67
Running level2 at number 68
Running level2 at number 69
Running level2 at number 70
Running level2 at number 71
Running level2 at number 72
Running level2 at number 73
Running level2 at number 74
Running level2 at number 75
Running level2 at number 76
Running level2 at number 77
Running level2 at number 78
Running level2 at number 79
Running level2 at number 80
Running level2 at number 81
Running level2 at number 82
Running level2 at number 83
Running level2 at number 84
Running level2 at number 85
Running level2 at number 86
Running level2 at number 87
Running level2 at number 88
Running level2 at number 89
Running level2 at number 90
Running level2 at number 91
Running level2 at number 92
Running level2 at number 93
Running level2 at number 94
Running level2 at number 95
Running level2 at number 96
Running level2 at number 97
Running level2 at number 98
Running level2 at number 99
level2 Generation Success
Running level3 at number 0
Running level3 at number 1
Running level3 at number 2
Running level3 at number 3
Running level3 at number 4
Running level3 at number 5
Running level3 at number 6
Running level3 at number 7
Running level3 at number 8
Running level3 at number 9
Running level3 at number 10
Running level3 at number 11
Running level3 at number 12
Running level3 at number 13
Running level3 at number 14
Running level3 at number 15
Running level3 at number 16
Running level3 at number 17
Running level3 at number 18
Running level3 at number 19
Running level3 at number 20
Running level3 at number 21
Running level3 at number 22
Running level3 at number 23
Running level3 at number 24
Running level3 at number 25
Running level3 at number 26
Running level3 at number 27
Running level3 at number 28
Running level3 at number 29
Running level3 at number 30
Running level3 at number 31
Running level3 at number 32
Running level3 at number 33
Running level3 at number 34
Running level3 at number 35
Running level3 at number 36
Running level3 at number 37
Running level3 at number 38
Running level3 at number 39
Running level3 at number 40
Running level3 at number 41
Running level3 at number 42
Running level3 at number 43
Running level3 at number 44
Running level3 at number 45
Running level3 at number 46
Running level3 at number 47
Running level3 at number 48
Running level3 at number 49
Running level3 at number 50
Running level3 at number 51
Running level3 at number 52
Running level3 at number 53
Running level3 at number 54
Running level3 at number 55
Running level3 at number 56
Running level3 at number 57
Running level3 at number 58
Running level3 at number 59
Running level3 at number 60
Running level3 at number 61
Running level3 at number 62
Running level3 at number 63
Running level3 at number 64
Running level3 at number 65
Running level3 at number 66
Running level3 at number 67
Running level3 at number 68
Running level3 at number 69
Running level3 at number 70
Running level3 at number 71
Running level3 at number 72
Running level3 at number 73
Running level3 at number 74
Running level3 at number 75
Running level3 at number 76
Running level3 at number 77
Running level3 at number 78
Running level3 at number 79
Running level3 at number 80
Running level3 at number 81
Running level3 at number 82
Running level3 at number 83
Running level3 at number 84
Running level3 at number 85
Running level3 at number 86
Running level3 at number 87
Running level3 at number 88
Running level3 at number 89
Running level3 at number 90
Running level3 at number 91
Running level3 at number 92
Running level3 at number 93
Running level3 at number 94
Running level3 at number 95
Running level3 at number 96
Running level3 at number 97
Running level3 at number 98
Running level3 at number 99
level3 Generation Success
Total execution time: 1628.56 seconds
/home/UNT/ae0589/project/action_engine/utils/llms.py:33: LangChainDeprecationWarning: The class `ChatOpenAI` was deprecated in LangChain 0.0.10 and will be removed in 1.0. An updated version of the class exists in the :class:`~langchain-openai package and should be used instead. To use it run `pip install -U :class:`~langchain-openai` and import as `from :class:`~langchain_openai import ChatOpenAI``.
  _loaded_model = ChatOpenAI(model="gpt-4o", temperature=0, api_key=openai_api_key)
/home/UNT/ae0589/project/action_engine/eval/data/predict/fewshot_param.py:29: LangChainDeprecationWarning: Importing OpenAIEmbeddings from langchain.embeddings is deprecated. Please replace deprecated imports:

>> from langchain.embeddings import OpenAIEmbeddings

with new imports of:

>> from langchain_community.embeddings import OpenAIEmbeddings
You can use the langchain cli to **automatically** upgrade many imports. Please see documentation here <https://python.langchain.com/docs/versions/v0_2/>
  from langchain.embeddings import OpenAIEmbeddings
/home/UNT/ae0589/project/action_engine/utils/llms.py:109: LangChainDeprecationWarning: The function `convert_pydantic_to_openai_function` was deprecated in LangChain 0.1.16 and will be removed in 1.0. Use :meth:`~langchain_core.utils.function_calling.convert_to_openai_function()` instead.
  extraction_functions = [convert_pydantic_to_openai_function(pydantic_schema)]
Running level1 at number 0
Running level1 at number 1
Running level1 at number 2
Running level1 at number 3
Running level1 at number 4
Running level1 at number 5
Running level1 at number 6
Running level1 at number 7
Running level1 at number 8
Running level1 at number 9
Running level1 at number 10
Running level1 at number 11
Running level1 at number 12
Running level1 at number 13
Running level1 at number 14
Running level1 at number 15
Running level1 at number 16
Running level1 at number 17
Running level1 at number 18
Running level1 at number 19
Running level1 at number 20
Running level1 at number 21
Running level1 at number 22
Running level1 at number 23
Running level1 at number 24
Running level1 at number 25
Running level1 at number 26
Running level1 at number 27
Running level1 at number 28
Running level1 at number 29
Running level1 at number 30
Running level1 at number 31
Running level1 at number 32
Running level1 at number 33
Running level1 at number 34
Running level1 at number 35
Running level1 at number 36
Running level1 at number 37
Running level1 at number 38
Running level1 at number 39
Running level1 at number 40
Running level1 at number 41
Running level1 at number 42
Running level1 at number 43
Running level1 at number 44
Running level1 at number 45
Running level1 at number 46
Running level1 at number 47
Running level1 at number 48
Running level1 at number 49
Running level1 at number 50
Running level1 at number 51
Running level1 at number 52
Running level1 at number 53
Running level1 at number 54
Running level1 at number 55
Running level1 at number 56
Running level1 at number 57
Running level1 at number 58
Running level1 at number 59
Running level1 at number 60
Running level1 at number 61
Running level1 at number 62
Running level1 at number 63
Running level1 at number 64
Running level1 at number 65
Running level1 at number 66
Running level1 at number 67
Running level1 at number 68
Running level1 at number 69
Running level1 at number 70
Running level1 at number 71
Running level1 at number 72
Running level1 at number 73
Running level1 at number 74
Running level1 at number 75
Running level1 at number 76
Running level1 at number 77
Running level1 at number 78
Running level1 at number 79
Running level1 at number 80
Running level1 at number 81
Running level1 at number 82
Running level1 at number 83
Running level1 at number 84
Running level1 at number 85
Running level1 at number 86
Running level1 at number 87
Running level1 at number 88
Running level1 at number 89
Running level1 at number 90
Running level1 at number 91
Running level1 at number 92
Running level1 at number 93
Running level1 at number 94
Running level1 at number 95
Running level1 at number 96
Running level1 at number 97
Running level1 at number 98
Running level1 at number 99
level1 Generation Success
Running level2 at number 0
Running level2 at number 1
Running level2 at number 2
Running level2 at number 3
Running level2 at number 4
Running level2 at number 5
Running level2 at number 6
Running level2 at number 7
Running level2 at number 8
Running level2 at number 9
Running level2 at number 10
Running level2 at number 11
Running level2 at number 12
Running level2 at number 13
Running level2 at number 14
Running level2 at number 15
Running level2 at number 16
Running level2 at number 17
Running level2 at number 18
Running level2 at number 19
Running level2 at number 20
Running level2 at number 21
Running level2 at number 22
Running level2 at number 23
Running level2 at number 24
Running level2 at number 25
Running level2 at number 26
Running level2 at number 27
Running level2 at number 28
Running level2 at number 29
Running level2 at number 30
Running level2 at number 31
Running level2 at number 32
Running level2 at number 33
Running level2 at number 34
Running level2 at number 35
Running level2 at number 36
Running level2 at number 37
Running level2 at number 38
Running level2 at number 39
Running level2 at number 40
Running level2 at number 41
Running level2 at number 42
Running level2 at number 43
Running level2 at number 44
Running level2 at number 45
Running level2 at number 46
Running level2 at number 47
Running level2 at number 48
Running level2 at number 49
Running level2 at number 50
Running level2 at number 51
Running level2 at number 52
Running level2 at number 53
Running level2 at number 54
Running level2 at number 55
Running level2 at number 56
Running level2 at number 57
Running level2 at number 58
Running level2 at number 59
Running level2 at number 60
Running level2 at number 61
Running level2 at number 62
Running level2 at number 63
Running level2 at number 64
Running level2 at number 65
Running level2 at number 66
Running level2 at number 67
Running level2 at number 68
Running level2 at number 69
Running level2 at number 70
Running level2 at number 71
Running level2 at number 72
Running level2 at number 73
Running level2 at number 74
Running level2 at number 75
Running level2 at number 76
Running level2 at number 77
Running level2 at number 78
Running level2 at number 79
Running level2 at number 80
Running level2 at number 81
Running level2 at number 82
Running level2 at number 83
Running level2 at number 84
Running level2 at number 85
Running level2 at number 86
Running level2 at number 87
Running level2 at number 88
Running level2 at number 89
Running level2 at number 90
Running level2 at number 91
Running level2 at number 92
Running level2 at number 93
Running level2 at number 94
Running level2 at number 95
Running level2 at number 96
Running level2 at number 97
Running level2 at number 98
Running level2 at number 99
level2 Generation Success
Running level3 at number 0
Running level3 at number 1
Running level3 at number 2
Running level3 at number 3
Running level3 at number 4
Running level3 at number 5
Running level3 at number 6
Running level3 at number 7
Running level3 at number 8
Running level3 at number 9
Running level3 at number 10
Running level3 at number 11
Running level3 at number 12
Running level3 at number 13
Running level3 at number 14
Running level3 at number 15
Running level3 at number 16
Running level3 at number 17
Running level3 at number 18
Running level3 at number 19
Running level3 at number 20
Running level3 at number 21
Running level3 at number 22
Running level3 at number 23
Running level3 at number 24
Running level3 at number 25
Running level3 at number 26
Running level3 at number 27
Running level3 at number 28
Running level3 at number 29
Running level3 at number 30
Running level3 at number 31
Running level3 at number 32
Running level3 at number 33
Running level3 at number 34
Running level3 at number 35
Running level3 at number 36
Running level3 at number 37
Running level3 at number 38
Running level3 at number 39
Running level3 at number 40
Running level3 at number 41
Running level3 at number 42
Running level3 at number 43
Running level3 at number 44
Running level3 at number 45
Running level3 at number 46
Running level3 at number 47
Running level3 at number 48
Running level3 at number 49
Running level3 at number 50
Running level3 at number 51
Running level3 at number 52
Running level3 at number 53
Running level3 at number 54
Running level3 at number 55
Running level3 at number 56
Running level3 at number 57
Running level3 at number 58
Running level3 at number 59
Running level3 at number 60
Running level3 at number 61
Running level3 at number 62
Running level3 at number 63
Running level3 at number 64
Running level3 at number 65
Running level3 at number 66
Running level3 at number 67
Running level3 at number 68
Running level3 at number 69
Running level3 at number 70
Running level3 at number 71
Running level3 at number 72
Running level3 at number 73
Running level3 at number 74
Running level3 at number 75
Running level3 at number 76
Running level3 at number 77
Running level3 at number 78
Running level3 at number 79
Running level3 at number 80
Running level3 at number 81
Running level3 at number 82
Running level3 at number 83
Running level3 at number 84
Running level3 at number 85
Running level3 at number 86
Running level3 at number 87
Running level3 at number 88
Running level3 at number 89
Running level3 at number 90
Running level3 at number 91
Running level3 at number 92
Running level3 at number 93
Running level3 at number 94
Running level3 at number 95
Running level3 at number 96
Running level3 at number 97
Running level3 at number 98
Running level3 at number 99
level3 Generation Success
Total execution time: 1940.50 seconds
/home/UNT/ae0589/project/action_engine/utils/func_identifier.py:12: LangChainDeprecationWarning: Importing OpenAIEmbeddings from langchain.embeddings is deprecated. Please replace deprecated imports:

>> from langchain.embeddings import OpenAIEmbeddings

with new imports of:

>> from langchain_community.embeddings import OpenAIEmbeddings
You can use the langchain cli to **automatically** upgrade many imports. Please see documentation here <https://python.langchain.com/docs/versions/v0_2/>
  from langchain.embeddings import OpenAIEmbeddings
/home/UNT/ae0589/project/action_engine/utils/func_identifier.py:24: LangChainDeprecationWarning: The class `OpenAIEmbeddings` was deprecated in LangChain 0.0.9 and will be removed in 1.0. An updated version of the class exists in the :class:`~langchain-openai package and should be used instead. To use it run `pip install -U :class:`~langchain-openai` and import as `from :class:`~langchain_openai import OpenAIEmbeddings``.
  embedding_function = OpenAIEmbeddings(model="text-embedding-3-large")
/home/UNT/ae0589/project/action_engine/utils/data_dependency.py:14: LangChainDeprecationWarning: Importing OpenAIEmbeddings from langchain.embeddings is deprecated. Please replace deprecated imports:

>> from langchain.embeddings import OpenAIEmbeddings

with new imports of:

>> from langchain_community.embeddings import OpenAIEmbeddings
You can use the langchain cli to **automatically** upgrade many imports. Please see documentation here <https://python.langchain.com/docs/versions/v0_2/>
  from langchain.embeddings import OpenAIEmbeddings
/home/UNT/ae0589/miniconda3/envs/ae/lib/python3.12/site-packages/langchain/chat_models/__init__.py:33: LangChainDeprecationWarning: Importing chat models from langchain is deprecated. Importing from langchain will no longer be supported as of langchain==0.2.0. Please import from langchain-community instead:

`from langchain_community.chat_models import ChatOpenAI`.

To install langchain-community run `pip install -U langchain-community`.
  warnings.warn(
/home/UNT/ae0589/project/action_engine/utils/llm.py:10: LangChainDeprecationWarning: The class `ChatOpenAI` was deprecated in LangChain 0.0.10 and will be removed in 1.0. An updated version of the class exists in the :class:`~langchain-openai package and should be used instead. To use it run `pip install -U :class:`~langchain-openai` and import as `from :class:`~langchain_openai import ChatOpenAI``.
  model = ChatOpenAI(
Running level1 at number 0
Attempt 1 failed: wf_optimizer() missing 1 required positional argument: 'task_list'
Attempt 2 failed: wf_optimizer() missing 1 required positional argument: 'task_list'
Attempt 3 failed: wf_optimizer() missing 1 required positional argument: 'task_list'
**************************************************
Failed level: level1 at 42
Running level1 at number 1
Attempt 1 failed: wf_optimizer() missing 1 required positional argument: 'task_list'
Attempt 2 failed: wf_optimizer() missing 1 required positional argument: 'task_list'
Attempt 3 failed: wf_optimizer() missing 1 required positional argument: 'task_list'
**************************************************
Failed level: level1 at 45
Running level1 at number 2
Attempt 1 failed: wf_optimizer() missing 1 required positional argument: 'task_list'
Attempt 2 failed: wf_optimizer() missing 1 required positional argument: 'task_list'
Attempt 3 failed: wf_optimizer() missing 1 required positional argument: 'task_list'
**************************************************
Failed level: level1 at 51
Running level1 at number 3
Attempt 1 failed: wf_optimizer() missing 1 required positional argument: 'task_list'
Attempt 2 failed: wf_optimizer() missing 1 required positional argument: 'task_list'
Attempt 3 failed: wf_optimizer() missing 1 required positional argument: 'task_list'
**************************************************
Failed level: level1 at 52
Running level1 at number 4
Attempt 1 failed: wf_optimizer() missing 1 required positional argument: 'task_list'
Attempt 2 failed: wf_optimizer() missing 1 required positional argument: 'task_list'
Attempt 3 failed: wf_optimizer() missing 1 required positional argument: 'task_list'
**************************************************
Failed level: level1 at 54
Running level1 at number 5
Attempt 1 failed: wf_optimizer() missing 1 required positional argument: 'task_list'
Attempt 2 failed: wf_optimizer() missing 1 required positional argument: 'task_list'
Attempt 3 failed: wf_optimizer() missing 1 required positional argument: 'task_list'
**************************************************
Failed level: level1 at 74
Running level1 at number 6
Attempt 1 failed: wf_optimizer() missing 1 required positional argument: 'task_list'
Attempt 2 failed: wf_optimizer() missing 1 required positional argument: 'task_list'
Attempt 3 failed: wf_optimizer() missing 1 required positional argument: 'task_list'
**************************************************
Failed level: level1 at 75
Running level1 at number 7
Attempt 1 failed: wf_optimizer() missing 1 required positional argument: 'task_list'
Attempt 2 failed: wf_optimizer() missing 1 required positional argument: 'task_list'
Attempt 3 failed: wf_optimizer() missing 1 required positional argument: 'task_list'
**************************************************
Failed level: level1 at 79
Running level1 at number 8
Attempt 1 failed: wf_optimizer() missing 1 required positional argument: 'task_list'
Attempt 2 failed: wf_optimizer() missing 1 required positional argument: 'task_list'
Attempt 3 failed: wf_optimizer() missing 1 required positional argument: 'task_list'
**************************************************
Failed level: level1 at 95
Running level1 at number 9
Attempt 1 failed: wf_optimizer() missing 1 required positional argument: 'task_list'
Attempt 2 failed: wf_optimizer() missing 1 required positional argument: 'task_list'
Attempt 3 failed: wf_optimizer() missing 1 required positional argument: 'task_list'
**************************************************
Failed level: level1 at 102
Running level1 at number 10
Attempt 1 failed: wf_optimizer() missing 1 required positional argument: 'task_list'
Attempt 2 failed: wf_optimizer() missing 1 required positional argument: 'task_list'
Attempt 3 failed: wf_optimizer() missing 1 required positional argument: 'task_list'
**************************************************
Failed level: level1 at 132
Running level1 at number 11
Attempt 1 failed: wf_optimizer() missing 1 required positional argument: 'task_list'
Attempt 2 failed: wf_optimizer() missing 1 required positional argument: 'task_list'
Attempt 3 failed: wf_optimizer() missing 1 required positional argument: 'task_list'
**************************************************
Failed level: level1 at 134
Running level1 at number 12
Attempt 1 failed: wf_optimizer() missing 1 required positional argument: 'task_list'
Attempt 2 failed: wf_optimizer() missing 1 required positional argument: 'task_list'
Attempt 3 failed: wf_optimizer() missing 1 required positional argument: 'task_list'
**************************************************
Failed level: level1 at 193
Running level1 at number 13
Attempt 1 failed: wf_optimizer() missing 1 required positional argument: 'task_list'
Attempt 2 failed: wf_optimizer() missing 1 required positional argument: 'task_list'
Attempt 3 failed: wf_optimizer() missing 1 required positional argument: 'task_list'
**************************************************
Failed level: level1 at 194
Running level1 at number 14
Attempt 1 failed: wf_optimizer() missing 1 required positional argument: 'task_list'
Attempt 2 failed: wf_optimizer() missing 1 required positional argument: 'task_list'
Attempt 3 failed: wf_optimizer() missing 1 required positional argument: 'task_list'
**************************************************
Failed level: level1 at 196
Running level1 at number 15
Attempt 1 failed: wf_optimizer() missing 1 required positional argument: 'task_list'
Attempt 2 failed: wf_optimizer() missing 1 required positional argument: 'task_list'
Attempt 3 failed: wf_optimizer() missing 1 required positional argument: 'task_list'
**************************************************
Failed level: level1 at 198
Running level1 at number 16
Attempt 1 failed: wf_optimizer() missing 1 required positional argument: 'task_list'
Attempt 2 failed: wf_optimizer() missing 1 required positional argument: 'task_list'
Attempt 3 failed: wf_optimizer() missing 1 required positional argument: 'task_list'
**************************************************
Failed level: level1 at 199
Running level1 at number 17
Attempt 1 failed: wf_optimizer() missing 1 required positional argument: 'task_list'
Attempt 2 failed: wf_optimizer() missing 1 required positional argument: 'task_list'
Attempt 3 failed: wf_optimizer() missing 1 required positional argument: 'task_list'
**************************************************
Failed level: level1 at 200
Running level1 at number 18
Attempt 1 failed: wf_optimizer() missing 1 required positional argument: 'task_list'
Attempt 2 failed: wf_optimizer() missing 1 required positional argument: 'task_list'
Attempt 3 failed: wf_optimizer() missing 1 required positional argument: 'task_list'
**************************************************
Failed level: level1 at 202
Running level1 at number 19
Attempt 1 failed: wf_optimizer() missing 1 required positional argument: 'task_list'
Attempt 2 failed: wf_optimizer() missing 1 required positional argument: 'task_list'
Attempt 3 failed: wf_optimizer() missing 1 required positional argument: 'task_list'
**************************************************
Failed level: level1 at 205
Running level1 at number 20
Attempt 1 failed: wf_optimizer() missing 1 required positional argument: 'task_list'
Attempt 2 failed: wf_optimizer() missing 1 required positional argument: 'task_list'
Attempt 3 failed: wf_optimizer() missing 1 required positional argument: 'task_list'
**************************************************
Failed level: level1 at 206
Running level1 at number 21
Attempt 1 failed: wf_optimizer() missing 1 required positional argument: 'task_list'
Attempt 2 failed: wf_optimizer() missing 1 required positional argument: 'task_list'
Attempt 3 failed: wf_optimizer() missing 1 required positional argument: 'task_list'
**************************************************
Failed level: level1 at 251
Running level1 at number 22
Attempt 1 failed: wf_optimizer() missing 1 required positional argument: 'task_list'
Attempt 2 failed: wf_optimizer() missing 1 required positional argument: 'task_list'
Attempt 3 failed: wf_optimizer() missing 1 required positional argument: 'task_list'
**************************************************
Failed level: level1 at 253
Running level1 at number 23
Attempt 1 failed: wf_optimizer() missing 1 required positional argument: 'task_list'
Attempt 2 failed: wf_optimizer() missing 1 required positional argument: 'task_list'
Attempt 3 failed: wf_optimizer() missing 1 required positional argument: 'task_list'
**************************************************
Failed level: level1 at 255
Running level1 at number 24
Attempt 1 failed: wf_optimizer() missing 1 required positional argument: 'task_list'
Attempt 2 failed: wf_optimizer() missing 1 required positional argument: 'task_list'
Attempt 3 failed: wf_optimizer() missing 1 required positional argument: 'task_list'
**************************************************
Failed level: level1 at 263
Running level1 at number 25
Attempt 1 failed: wf_optimizer() missing 1 required positional argument: 'task_list'
Attempt 2 failed: wf_optimizer() missing 1 required positional argument: 'task_list'
Attempt 3 failed: wf_optimizer() missing 1 required positional argument: 'task_list'
**************************************************
Failed level: level1 at 264
Running level1 at number 26
Attempt 1 failed: wf_optimizer() missing 1 required positional argument: 'task_list'
Attempt 2 failed: wf_optimizer() missing 1 required positional argument: 'task_list'
Attempt 3 failed: wf_optimizer() missing 1 required positional argument: 'task_list'
**************************************************
Failed level: level1 at 265
Running level1 at number 27
Attempt 1 failed: wf_optimizer() missing 1 required positional argument: 'task_list'
Attempt 2 failed: wf_optimizer() missing 1 required positional argument: 'task_list'
Attempt 3 failed: wf_optimizer() missing 1 required positional argument: 'task_list'
**************************************************
Failed level: level1 at 267
Running level1 at number 28
Attempt 1 failed: wf_optimizer() missing 1 required positional argument: 'task_list'
Attempt 2 failed: wf_optimizer() missing 1 required positional argument: 'task_list'
Attempt 3 failed: wf_optimizer() missing 1 required positional argument: 'task_list'
**************************************************
Failed level: level1 at 269
Running level1 at number 29
Attempt 1 failed: wf_optimizer() missing 1 required positional argument: 'task_list'
Attempt 2 failed: wf_optimizer() missing 1 required positional argument: 'task_list'
Attempt 3 failed: wf_optimizer() missing 1 required positional argument: 'task_list'
**************************************************
Failed level: level1 at 271
Running level1 at number 30
Attempt 1 failed: wf_optimizer() missing 1 required positional argument: 'task_list'
Attempt 2 failed: wf_optimizer() missing 1 required positional argument: 'task_list'
Attempt 3 failed: wf_optimizer() missing 1 required positional argument: 'task_list'
**************************************************
Failed level: level1 at 273
Running level1 at number 31
Attempt 1 failed: wf_optimizer() missing 1 required positional argument: 'task_list'
Attempt 2 failed: wf_optimizer() missing 1 required positional argument: 'task_list'
Attempt 3 failed: wf_optimizer() missing 1 required positional argument: 'task_list'
**************************************************
Failed level: level1 at 274
Running level1 at number 32
Attempt 1 failed: wf_optimizer() missing 1 required positional argument: 'task_list'
Attempt 2 failed: wf_optimizer() missing 1 required positional argument: 'task_list'
Attempt 3 failed: wf_optimizer() missing 1 required positional argument: 'task_list'
**************************************************
Failed level: level1 at 282
Running level1 at number 33
Attempt 1 failed: wf_optimizer() missing 1 required positional argument: 'task_list'
Attempt 2 failed: wf_optimizer() missing 1 required positional argument: 'task_list'
Attempt 3 failed: wf_optimizer() missing 1 required positional argument: 'task_list'
**************************************************
Failed level: level1 at 284
Running level1 at number 34
Attempt 1 failed: wf_optimizer() missing 1 required positional argument: 'task_list'
Attempt 2 failed: wf_optimizer() missing 1 required positional argument: 'task_list'
Attempt 3 failed: wf_optimizer() missing 1 required positional argument: 'task_list'
**************************************************
Failed level: level1 at 287
Running level1 at number 35
Attempt 1 failed: wf_optimizer() missing 1 required positional argument: 'task_list'
Attempt 2 failed: wf_optimizer() missing 1 required positional argument: 'task_list'
Attempt 3 failed: wf_optimizer() missing 1 required positional argument: 'task_list'
**************************************************
Failed level: level1 at 291
Running level1 at number 36
Attempt 1 failed: wf_optimizer() missing 1 required positional argument: 'task_list'
Attempt 2 failed: wf_optimizer() missing 1 required positional argument: 'task_list'
Attempt 3 failed: wf_optimizer() missing 1 required positional argument: 'task_list'
**************************************************
Failed level: level1 at 292
Running level1 at number 37
Attempt 1 failed: wf_optimizer() missing 1 required positional argument: 'task_list'
Attempt 2 failed: wf_optimizer() missing 1 required positional argument: 'task_list'
Attempt 3 failed: wf_optimizer() missing 1 required positional argument: 'task_list'
**************************************************
Failed level: level1 at 294
Running level1 at number 38
Attempt 1 failed: wf_optimizer() missing 1 required positional argument: 'task_list'
Attempt 2 failed: wf_optimizer() missing 1 required positional argument: 'task_list'
Attempt 3 failed: wf_optimizer() missing 1 required positional argument: 'task_list'
**************************************************
Failed level: level1 at 296
Running level1 at number 39
Attempt 1 failed: wf_optimizer() missing 1 required positional argument: 'task_list'
Attempt 2 failed: wf_optimizer() missing 1 required positional argument: 'task_list'
Attempt 3 failed: wf_optimizer() missing 1 required positional argument: 'task_list'
**************************************************
Failed level: level1 at 297
Running level1 at number 40
Attempt 1 failed: wf_optimizer() missing 1 required positional argument: 'task_list'
Attempt 2 failed: wf_optimizer() missing 1 required positional argument: 'task_list'
Attempt 3 failed: wf_optimizer() missing 1 required positional argument: 'task_list'
**************************************************
Failed level: level1 at 298
Running level1 at number 41
Attempt 1 failed: wf_optimizer() missing 1 required positional argument: 'task_list'
Attempt 2 failed: wf_optimizer() missing 1 required positional argument: 'task_list'
Attempt 3 failed: wf_optimizer() missing 1 required positional argument: 'task_list'
**************************************************
Failed level: level1 at 299
Running level1 at number 42
Attempt 1 failed: wf_optimizer() missing 1 required positional argument: 'task_list'
Attempt 2 failed: wf_optimizer() missing 1 required positional argument: 'task_list'
Attempt 3 failed: wf_optimizer() missing 1 required positional argument: 'task_list'
**************************************************
Failed level: level1 at 300
Running level1 at number 43
Attempt 1 failed: wf_optimizer() missing 1 required positional argument: 'task_list'
Attempt 2 failed: wf_optimizer() missing 1 required positional argument: 'task_list'
Attempt 3 failed: wf_optimizer() missing 1 required positional argument: 'task_list'
**************************************************
Failed level: level1 at 303
Running level1 at number 44
Attempt 1 failed: wf_optimizer() missing 1 required positional argument: 'task_list'
Attempt 2 failed: wf_optimizer() missing 1 required positional argument: 'task_list'
Attempt 3 failed: wf_optimizer() missing 1 required positional argument: 'task_list'
**************************************************
Failed level: level1 at 305
Running level1 at number 45
Attempt 1 failed: wf_optimizer() missing 1 required positional argument: 'task_list'
Attempt 2 failed: wf_optimizer() missing 1 required positional argument: 'task_list'
Attempt 3 failed: wf_optimizer() missing 1 required positional argument: 'task_list'
**************************************************
Failed level: level1 at 339
Running level1 at number 46
Attempt 1 failed: wf_optimizer() missing 1 required positional argument: 'task_list'
Attempt 2 failed: wf_optimizer() missing 1 required positional argument: 'task_list'
Attempt 3 failed: wf_optimizer() missing 1 required positional argument: 'task_list'
**************************************************
Failed level: level1 at 344
Running level1 at number 47
Attempt 1 failed: wf_optimizer() missing 1 required positional argument: 'task_list'
Attempt 2 failed: wf_optimizer() missing 1 required positional argument: 'task_list'
Attempt 3 failed: wf_optimizer() missing 1 required positional argument: 'task_list'
**************************************************
Failed level: level1 at 345
Running level1 at number 48
Attempt 1 failed: wf_optimizer() missing 1 required positional argument: 'task_list'
Attempt 2 failed: wf_optimizer() missing 1 required positional argument: 'task_list'
Attempt 3 failed: wf_optimizer() missing 1 required positional argument: 'task_list'
**************************************************
Failed level: level1 at 346
Running level1 at number 49
Attempt 1 failed: wf_optimizer() missing 1 required positional argument: 'task_list'
Attempt 2 failed: wf_optimizer() missing 1 required positional argument: 'task_list'
Attempt 3 failed: wf_optimizer() missing 1 required positional argument: 'task_list'
**************************************************
Failed level: level1 at 347
Running level1 at number 50
Attempt 1 failed: wf_optimizer() missing 1 required positional argument: 'task_list'
Attempt 2 failed: wf_optimizer() missing 1 required positional argument: 'task_list'
Attempt 3 failed: wf_optimizer() missing 1 required positional argument: 'task_list'
**************************************************
Failed level: level1 at 348
Running level1 at number 51
Attempt 1 failed: wf_optimizer() missing 1 required positional argument: 'task_list'
Attempt 2 failed: wf_optimizer() missing 1 required positional argument: 'task_list'
Attempt 3 failed: wf_optimizer() missing 1 required positional argument: 'task_list'
**************************************************
Failed level: level1 at 349
Running level1 at number 52
Attempt 1 failed: wf_optimizer() missing 1 required positional argument: 'task_list'
Attempt 2 failed: wf_optimizer() missing 1 required positional argument: 'task_list'
Attempt 3 failed: wf_optimizer() missing 1 required positional argument: 'task_list'
**************************************************
Failed level: level1 at 351
Running level1 at number 53
Attempt 1 failed: wf_optimizer() missing 1 required positional argument: 'task_list'
Attempt 2 failed: wf_optimizer() missing 1 required positional argument: 'task_list'
Attempt 3 failed: wf_optimizer() missing 1 required positional argument: 'task_list'
**************************************************
Failed level: level1 at 352
Running level1 at number 54
Attempt 1 failed: wf_optimizer() missing 1 required positional argument: 'task_list'
Attempt 2 failed: wf_optimizer() missing 1 required positional argument: 'task_list'
Attempt 3 failed: wf_optimizer() missing 1 required positional argument: 'task_list'
**************************************************
Failed level: level1 at 355
Running level1 at number 55
Attempt 1 failed: wf_optimizer() missing 1 required positional argument: 'task_list'
Attempt 2 failed: wf_optimizer() missing 1 required positional argument: 'task_list'
Attempt 3 failed: wf_optimizer() missing 1 required positional argument: 'task_list'
**************************************************
Failed level: level1 at 356
Running level1 at number 56
Attempt 1 failed: wf_optimizer() missing 1 required positional argument: 'task_list'
Attempt 2 failed: wf_optimizer() missing 1 required positional argument: 'task_list'
Attempt 3 failed: wf_optimizer() missing 1 required positional argument: 'task_list'
**************************************************
Failed level: level1 at 387
Running level1 at number 57
Attempt 1 failed: wf_optimizer() missing 1 required positional argument: 'task_list'
Attempt 2 failed: wf_optimizer() missing 1 required positional argument: 'task_list'
Attempt 3 failed: wf_optimizer() missing 1 required positional argument: 'task_list'
**************************************************
Failed level: level1 at 389
Running level1 at number 58
Attempt 1 failed: wf_optimizer() missing 1 required positional argument: 'task_list'
Attempt 2 failed: wf_optimizer() missing 1 required positional argument: 'task_list'
Attempt 3 failed: wf_optimizer() missing 1 required positional argument: 'task_list'
**************************************************
Failed level: level1 at 572
Running level1 at number 59
Attempt 1 failed: wf_optimizer() missing 1 required positional argument: 'task_list'
Attempt 2 failed: wf_optimizer() missing 1 required positional argument: 'task_list'
Attempt 3 failed: wf_optimizer() missing 1 required positional argument: 'task_list'
**************************************************
Failed level: level1 at 573
Running level1 at number 60
Attempt 1 failed: wf_optimizer() missing 1 required positional argument: 'task_list'
Attempt 2 failed: wf_optimizer() missing 1 required positional argument: 'task_list'
Attempt 3 failed: wf_optimizer() missing 1 required positional argument: 'task_list'
**************************************************
Failed level: level1 at 577
Running level1 at number 61
Attempt 1 failed: wf_optimizer() missing 1 required positional argument: 'task_list'
Attempt 2 failed: wf_optimizer() missing 1 required positional argument: 'task_list'
Attempt 3 failed: wf_optimizer() missing 1 required positional argument: 'task_list'
**************************************************
Failed level: level1 at 578
Running level1 at number 62
Attempt 1 failed: wf_optimizer() missing 1 required positional argument: 'task_list'
Attempt 2 failed: wf_optimizer() missing 1 required positional argument: 'task_list'
Attempt 3 failed: wf_optimizer() missing 1 required positional argument: 'task_list'
**************************************************
Failed level: level1 at 621
Running level1 at number 63
Attempt 1 failed: wf_optimizer() missing 1 required positional argument: 'task_list'
Attempt 2 failed: wf_optimizer() missing 1 required positional argument: 'task_list'
Attempt 3 failed: wf_optimizer() missing 1 required positional argument: 'task_list'
**************************************************
Failed level: level1 at 622
Running level1 at number 64
Attempt 1 failed: wf_optimizer() missing 1 required positional argument: 'task_list'
Attempt 2 failed: wf_optimizer() missing 1 required positional argument: 'task_list'
Attempt 3 failed: wf_optimizer() missing 1 required positional argument: 'task_list'
**************************************************
Failed level: level1 at 692
Running level1 at number 65
Attempt 1 failed: wf_optimizer() missing 1 required positional argument: 'task_list'
Attempt 2 failed: wf_optimizer() missing 1 required positional argument: 'task_list'
Attempt 3 failed: wf_optimizer() missing 1 required positional argument: 'task_list'
**************************************************
Failed level: level1 at 785
Running level1 at number 66
Attempt 1 failed: wf_optimizer() missing 1 required positional argument: 'task_list'
Attempt 2 failed: wf_optimizer() missing 1 required positional argument: 'task_list'
Attempt 3 failed: wf_optimizer() missing 1 required positional argument: 'task_list'
**************************************************
Failed level: level1 at 787
Running level1 at number 67
Attempt 1 failed: wf_optimizer() missing 1 required positional argument: 'task_list'
Attempt 2 failed: wf_optimizer() missing 1 required positional argument: 'task_list'
Attempt 3 failed: wf_optimizer() missing 1 required positional argument: 'task_list'
**************************************************
Failed level: level1 at 790
Running level1 at number 68
Attempt 1 failed: wf_optimizer() missing 1 required positional argument: 'task_list'
Attempt 2 failed: wf_optimizer() missing 1 required positional argument: 'task_list'
Attempt 3 failed: wf_optimizer() missing 1 required positional argument: 'task_list'
**************************************************
Failed level: level1 at 816
Running level1 at number 69
Attempt 1 failed: wf_optimizer() missing 1 required positional argument: 'task_list'
Attempt 2 failed: wf_optimizer() missing 1 required positional argument: 'task_list'
Attempt 3 failed: wf_optimizer() missing 1 required positional argument: 'task_list'
**************************************************
Failed level: level1 at 817
Running level1 at number 70
Attempt 1 failed: wf_optimizer() missing 1 required positional argument: 'task_list'
Attempt 2 failed: wf_optimizer() missing 1 required positional argument: 'task_list'
Attempt 3 failed: wf_optimizer() missing 1 required positional argument: 'task_list'
**************************************************
Failed level: level1 at 818
Running level1 at number 71
Attempt 1 failed: wf_optimizer() missing 1 required positional argument: 'task_list'
Attempt 2 failed: wf_optimizer() missing 1 required positional argument: 'task_list'
Attempt 3 failed: wf_optimizer() missing 1 required positional argument: 'task_list'
**************************************************
Failed level: level1 at 845
Running level1 at number 72
Attempt 1 failed: wf_optimizer() missing 1 required positional argument: 'task_list'
Attempt 2 failed: wf_optimizer() missing 1 required positional argument: 'task_list'
Attempt 3 failed: wf_optimizer() missing 1 required positional argument: 'task_list'
**************************************************
Failed level: level1 at 847
Running level1 at number 73
Attempt 1 failed: wf_optimizer() missing 1 required positional argument: 'task_list'
Attempt 2 failed: wf_optimizer() missing 1 required positional argument: 'task_list'
Attempt 3 failed: wf_optimizer() missing 1 required positional argument: 'task_list'
**************************************************
Failed level: level1 at 1028
Running level1 at number 74
Attempt 1 failed: wf_optimizer() missing 1 required positional argument: 'task_list'
Attempt 2 failed: wf_optimizer() missing 1 required positional argument: 'task_list'
Attempt 3 failed: wf_optimizer() missing 1 required positional argument: 'task_list'
**************************************************
Failed level: level1 at 1029
Running level1 at number 75
Attempt 1 failed: wf_optimizer() missing 1 required positional argument: 'task_list'
Attempt 2 failed: wf_optimizer() missing 1 required positional argument: 'task_list'
Attempt 3 failed: wf_optimizer() missing 1 required positional argument: 'task_list'
**************************************************
Failed level: level1 at 1032
Running level1 at number 76
Attempt 1 failed: wf_optimizer() missing 1 required positional argument: 'task_list'
Attempt 2 failed: wf_optimizer() missing 1 required positional argument: 'task_list'
Attempt 3 failed: wf_optimizer() missing 1 required positional argument: 'task_list'
**************************************************
Failed level: level1 at 1033
Running level1 at number 77
Attempt 1 failed: wf_optimizer() missing 1 required positional argument: 'task_list'
Attempt 2 failed: wf_optimizer() missing 1 required positional argument: 'task_list'
Attempt 3 failed: wf_optimizer() missing 1 required positional argument: 'task_list'
**************************************************
Failed level: level1 at 1047
Running level1 at number 78
Attempt 1 failed: wf_optimizer() missing 1 required positional argument: 'task_list'
Attempt 2 failed: wf_optimizer() missing 1 required positional argument: 'task_list'
Attempt 3 failed: wf_optimizer() missing 1 required positional argument: 'task_list'
**************************************************
Failed level: level1 at 1049
Running level1 at number 79
Attempt 1 failed: wf_optimizer() missing 1 required positional argument: 'task_list'
Attempt 2 failed: wf_optimizer() missing 1 required positional argument: 'task_list'
Attempt 3 failed: wf_optimizer() missing 1 required positional argument: 'task_list'
**************************************************
Failed level: level1 at 1197
Running level1 at number 80
Attempt 1 failed: wf_optimizer() missing 1 required positional argument: 'task_list'
Attempt 2 failed: wf_optimizer() missing 1 required positional argument: 'task_list'
Attempt 3 failed: wf_optimizer() missing 1 required positional argument: 'task_list'
**************************************************
Failed level: level1 at 1198
Running level1 at number 81
Attempt 1 failed: wf_optimizer() missing 1 required positional argument: 'task_list'
Attempt 2 failed: wf_optimizer() missing 1 required positional argument: 'task_list'
Attempt 3 failed: wf_optimizer() missing 1 required positional argument: 'task_list'
**************************************************
Failed level: level1 at 1212
Running level1 at number 82
Attempt 1 failed: wf_optimizer() missing 1 required positional argument: 'task_list'
Attempt 2 failed: wf_optimizer() missing 1 required positional argument: 'task_list'
Attempt 3 failed: wf_optimizer() missing 1 required positional argument: 'task_list'
**************************************************
Failed level: level1 at 1215
Running level1 at number 83
Attempt 1 failed: wf_optimizer() missing 1 required positional argument: 'task_list'
Attempt 2 failed: wf_optimizer() missing 1 required positional argument: 'task_list'
Attempt 3 failed: wf_optimizer() missing 1 required positional argument: 'task_list'
**************************************************
Failed level: level1 at 1340
Running level1 at number 84
Attempt 1 failed: wf_optimizer() missing 1 required positional argument: 'task_list'
Attempt 2 failed: wf_optimizer() missing 1 required positional argument: 'task_list'
Attempt 3 failed: wf_optimizer() missing 1 required positional argument: 'task_list'
**************************************************
Failed level: level1 at 1341
Running level1 at number 85
Attempt 1 failed: wf_optimizer() missing 1 required positional argument: 'task_list'
Attempt 2 failed: wf_optimizer() missing 1 required positional argument: 'task_list'
Attempt 3 failed: wf_optimizer() missing 1 required positional argument: 'task_list'
**************************************************
Failed level: level1 at 1384
Running level1 at number 86
Attempt 1 failed: wf_optimizer() missing 1 required positional argument: 'task_list'
Attempt 2 failed: wf_optimizer() missing 1 required positional argument: 'task_list'
Attempt 3 failed: wf_optimizer() missing 1 required positional argument: 'task_list'
**************************************************
Failed level: level1 at 1397
Running level1 at number 87
Attempt 1 failed: wf_optimizer() missing 1 required positional argument: 'task_list'
Attempt 2 failed: wf_optimizer() missing 1 required positional argument: 'task_list'
Attempt 3 failed: wf_optimizer() missing 1 required positional argument: 'task_list'
**************************************************
Failed level: level1 at 1399
Running level1 at number 88
Attempt 1 failed: wf_optimizer() missing 1 required positional argument: 'task_list'
Attempt 2 failed: wf_optimizer() missing 1 required positional argument: 'task_list'
Attempt 3 failed: wf_optimizer() missing 1 required positional argument: 'task_list'
**************************************************
Failed level: level1 at 1400
Running level1 at number 89
Attempt 1 failed: wf_optimizer() missing 1 required positional argument: 'task_list'
Attempt 2 failed: wf_optimizer() missing 1 required positional argument: 'task_list'
Attempt 3 failed: wf_optimizer() missing 1 required positional argument: 'task_list'
**************************************************
Failed level: level1 at 1402
Running level1 at number 90
Attempt 1 failed: wf_optimizer() missing 1 required positional argument: 'task_list'
Attempt 2 failed: wf_optimizer() missing 1 required positional argument: 'task_list'
Attempt 3 failed: wf_optimizer() missing 1 required positional argument: 'task_list'
**************************************************
Failed level: level1 at 1405
Running level1 at number 91
Attempt 1 failed: wf_optimizer() missing 1 required positional argument: 'task_list'
Attempt 2 failed: wf_optimizer() missing 1 required positional argument: 'task_list'
Attempt 3 failed: wf_optimizer() missing 1 required positional argument: 'task_list'
**************************************************
Failed level: level1 at 1437
Running level1 at number 92
Attempt 1 failed: wf_optimizer() missing 1 required positional argument: 'task_list'
Attempt 2 failed: wf_optimizer() missing 1 required positional argument: 'task_list'
Attempt 3 failed: wf_optimizer() missing 1 required positional argument: 'task_list'
**************************************************
Failed level: level1 at 1439
Running level1 at number 93
Attempt 1 failed: wf_optimizer() missing 1 required positional argument: 'task_list'
Attempt 2 failed: wf_optimizer() missing 1 required positional argument: 'task_list'
Attempt 3 failed: wf_optimizer() missing 1 required positional argument: 'task_list'
**************************************************
Failed level: level1 at 1441
Running level1 at number 94
Attempt 1 failed: wf_optimizer() missing 1 required positional argument: 'task_list'
Attempt 2 failed: wf_optimizer() missing 1 required positional argument: 'task_list'
Attempt 3 failed: wf_optimizer() missing 1 required positional argument: 'task_list'
**************************************************
Failed level: level1 at 1443
Running level1 at number 95
Attempt 1 failed: wf_optimizer() missing 1 required positional argument: 'task_list'
Attempt 2 failed: wf_optimizer() missing 1 required positional argument: 'task_list'
Attempt 3 failed: wf_optimizer() missing 1 required positional argument: 'task_list'
**************************************************
Failed level: level1 at 1457
Running level1 at number 96
Attempt 1 failed: wf_optimizer() missing 1 required positional argument: 'task_list'
Attempt 2 failed: wf_optimizer() missing 1 required positional argument: 'task_list'
Attempt 3 failed: wf_optimizer() missing 1 required positional argument: 'task_list'
**************************************************
Failed level: level1 at 1458
Running level1 at number 97
Attempt 1 failed: wf_optimizer() missing 1 required positional argument: 'task_list'
Attempt 2 failed: wf_optimizer() missing 1 required positional argument: 'task_list'
Attempt 3 failed: wf_optimizer() missing 1 required positional argument: 'task_list'
**************************************************
Failed level: level1 at 1465
Running level1 at number 98
Attempt 1 failed: wf_optimizer() missing 1 required positional argument: 'task_list'
Attempt 2 failed: wf_optimizer() missing 1 required positional argument: 'task_list'
Attempt 3 failed: wf_optimizer() missing 1 required positional argument: 'task_list'
**************************************************
Failed level: level1 at 1491
Running level1 at number 99
Attempt 1 failed: wf_optimizer() missing 1 required positional argument: 'task_list'
Attempt 2 failed: wf_optimizer() missing 1 required positional argument: 'task_list'
Attempt 3 failed: wf_optimizer() missing 1 required positional argument: 'task_list'
**************************************************
Failed level: level1 at 1495
level1 Generation Success
Running level2 at number 0
Attempt 1 failed: wf_optimizer() missing 1 required positional argument: 'task_list'
Attempt 2 failed: wf_optimizer() missing 1 required positional argument: 'task_list'
Attempt 3 failed: wf_optimizer() missing 1 required positional argument: 'task_list'
**************************************************
Failed level: level2 at 2
Running level2 at number 1
Attempt 1 failed: wf_optimizer() missing 1 required positional argument: 'task_list'
Attempt 2 failed: wf_optimizer() missing 1 required positional argument: 'task_list'
Attempt 3 failed: wf_optimizer() missing 1 required positional argument: 'task_list'
**************************************************
Failed level: level2 at 4
Running level2 at number 2
Attempt 1 failed: wf_optimizer() missing 1 required positional argument: 'task_list'
Attempt 2 failed: wf_optimizer() missing 1 required positional argument: 'task_list'
Attempt 3 failed: wf_optimizer() missing 1 required positional argument: 'task_list'
**************************************************
Failed level: level2 at 6
Running level2 at number 3
Attempt 1 failed: wf_optimizer() missing 1 required positional argument: 'task_list'
Attempt 2 failed: wf_optimizer() missing 1 required positional argument: 'task_list'
Attempt 3 failed: wf_optimizer() missing 1 required positional argument: 'task_list'
**************************************************
Failed level: level2 at 37
Running level2 at number 4
Attempt 1 failed: wf_optimizer() missing 1 required positional argument: 'task_list'
Attempt 2 failed: wf_optimizer() missing 1 required positional argument: 'task_list'
Attempt 3 failed: wf_optimizer() missing 1 required positional argument: 'task_list'
**************************************************
Failed level: level2 at 138
Running level2 at number 5
Attempt 1 failed: wf_optimizer() missing 1 required positional argument: 'task_list'
Attempt 2 failed: wf_optimizer() missing 1 required positional argument: 'task_list'
Attempt 3 failed: wf_optimizer() missing 1 required positional argument: 'task_list'
**************************************************
Failed level: level2 at 148
Running level2 at number 6
Attempt 1 failed: wf_optimizer() missing 1 required positional argument: 'task_list'
Attempt 2 failed: wf_optimizer() missing 1 required positional argument: 'task_list'
Attempt 3 failed: wf_optimizer() missing 1 required positional argument: 'task_list'
**************************************************
Failed level: level2 at 150
Running level2 at number 7
Attempt 1 failed: wf_optimizer() missing 1 required positional argument: 'task_list'
Attempt 2 failed: wf_optimizer() missing 1 required positional argument: 'task_list'
Attempt 3 failed: wf_optimizer() missing 1 required positional argument: 'task_list'
**************************************************
Failed level: level2 at 166
Running level2 at number 8
Attempt 1 failed: wf_optimizer() missing 1 required positional argument: 'task_list'
Attempt 2 failed: wf_optimizer() missing 1 required positional argument: 'task_list'
Attempt 3 failed: wf_optimizer() missing 1 required positional argument: 'task_list'
**************************************************
Failed level: level2 at 173
Running level2 at number 9
Attempt 1 failed: wf_optimizer() missing 1 required positional argument: 'task_list'
Attempt 2 failed: wf_optimizer() missing 1 required positional argument: 'task_list'
Attempt 3 failed: wf_optimizer() missing 1 required positional argument: 'task_list'
**************************************************
Failed level: level2 at 227
Running level2 at number 10
Attempt 1 failed: wf_optimizer() missing 1 required positional argument: 'task_list'
Attempt 2 failed: wf_optimizer() missing 1 required positional argument: 'task_list'
Attempt 3 failed: wf_optimizer() missing 1 required positional argument: 'task_list'
**************************************************
Failed level: level2 at 242
Running level2 at number 11
Attempt 1 failed: wf_optimizer() missing 1 required positional argument: 'task_list'
Attempt 2 failed: wf_optimizer() missing 1 required positional argument: 'task_list'
Attempt 3 failed: wf_optimizer() missing 1 required positional argument: 'task_list'
**************************************************
Failed level: level2 at 307
Running level2 at number 12
Attempt 1 failed: wf_optimizer() missing 1 required positional argument: 'task_list'
Attempt 2 failed: wf_optimizer() missing 1 required positional argument: 'task_list'
Attempt 3 failed: wf_optimizer() missing 1 required positional argument: 'task_list'
**************************************************
Failed level: level2 at 310
Running level2 at number 13
Attempt 1 failed: wf_optimizer() missing 1 required positional argument: 'task_list'
Attempt 2 failed: wf_optimizer() missing 1 required positional argument: 'task_list'
Attempt 3 failed: wf_optimizer() missing 1 required positional argument: 'task_list'
**************************************************
Failed level: level2 at 429
Running level2 at number 14
Attempt 1 failed: wf_optimizer() missing 1 required positional argument: 'task_list'
Attempt 2 failed: wf_optimizer() missing 1 required positional argument: 'task_list'
Attempt 3 failed: wf_optimizer() missing 1 required positional argument: 'task_list'
**************************************************
Failed level: level2 at 431
Running level2 at number 15
Attempt 1 failed: wf_optimizer() missing 1 required positional argument: 'task_list'
Attempt 2 failed: wf_optimizer() missing 1 required positional argument: 'task_list'
Attempt 3 failed: wf_optimizer() missing 1 required positional argument: 'task_list'
**************************************************
Failed level: level2 at 440
Running level2 at number 16
Attempt 1 failed: wf_optimizer() missing 1 required positional argument: 'task_list'
Attempt 2 failed: wf_optimizer() missing 1 required positional argument: 'task_list'
Attempt 3 failed: wf_optimizer() missing 1 required positional argument: 'task_list'
**************************************************
Failed level: level2 at 447
Running level2 at number 17
Attempt 1 failed: wf_optimizer() missing 1 required positional argument: 'task_list'
Attempt 2 failed: wf_optimizer() missing 1 required positional argument: 'task_list'
Attempt 3 failed: wf_optimizer() missing 1 required positional argument: 'task_list'
**************************************************
Failed level: level2 at 448
Running level2 at number 18
Attempt 1 failed: wf_optimizer() missing 1 required positional argument: 'task_list'
Attempt 2 failed: wf_optimizer() missing 1 required positional argument: 'task_list'
Attempt 3 failed: wf_optimizer() missing 1 required positional argument: 'task_list'
**************************************************
Failed level: level2 at 455
Running level2 at number 19
Attempt 1 failed: wf_optimizer() missing 1 required positional argument: 'task_list'
Attempt 2 failed: wf_optimizer() missing 1 required positional argument: 'task_list'
Attempt 3 failed: wf_optimizer() missing 1 required positional argument: 'task_list'
**************************************************
Failed level: level2 at 468
Running level2 at number 20
Attempt 1 failed: wf_optimizer() missing 1 required positional argument: 'task_list'
Attempt 2 failed: wf_optimizer() missing 1 required positional argument: 'task_list'
Attempt 3 failed: wf_optimizer() missing 1 required positional argument: 'task_list'
**************************************************
Failed level: level2 at 512
Running level2 at number 21
Attempt 1 failed: wf_optimizer() missing 1 required positional argument: 'task_list'
Attempt 2 failed: wf_optimizer() missing 1 required positional argument: 'task_list'
Attempt 3 failed: wf_optimizer() missing 1 required positional argument: 'task_list'
**************************************************
Failed level: level2 at 532
Running level2 at number 22
Attempt 1 failed: wf_optimizer() missing 1 required positional argument: 'task_list'
Attempt 2 failed: wf_optimizer() missing 1 required positional argument: 'task_list'
Attempt 3 failed: wf_optimizer() missing 1 required positional argument: 'task_list'
**************************************************
Failed level: level2 at 537
Running level2 at number 23
Attempt 1 failed: wf_optimizer() missing 1 required positional argument: 'task_list'
Attempt 2 failed: wf_optimizer() missing 1 required positional argument: 'task_list'
Attempt 3 failed: wf_optimizer() missing 1 required positional argument: 'task_list'
**************************************************
Failed level: level2 at 540
Running level2 at number 24
Attempt 1 failed: wf_optimizer() missing 1 required positional argument: 'task_list'
Attempt 2 failed: wf_optimizer() missing 1 required positional argument: 'task_list'
Attempt 3 failed: wf_optimizer() missing 1 required positional argument: 'task_list'
**************************************************
Failed level: level2 at 560
Running level2 at number 25
Attempt 1 failed: wf_optimizer() missing 1 required positional argument: 'task_list'
Attempt 2 failed: wf_optimizer() missing 1 required positional argument: 'task_list'
Attempt 3 failed: wf_optimizer() missing 1 required positional argument: 'task_list'
**************************************************
Failed level: level2 at 582
Running level2 at number 26
Attempt 1 failed: wf_optimizer() missing 1 required positional argument: 'task_list'
Attempt 2 failed: wf_optimizer() missing 1 required positional argument: 'task_list'
Attempt 3 failed: wf_optimizer() missing 1 required positional argument: 'task_list'
**************************************************
Failed level: level2 at 591
Running level2 at number 27
Attempt 1 failed: wf_optimizer() missing 1 required positional argument: 'task_list'
Attempt 2 failed: wf_optimizer() missing 1 required positional argument: 'task_list'
Attempt 3 failed: wf_optimizer() missing 1 required positional argument: 'task_list'
**************************************************
Failed level: level2 at 601
Running level2 at number 28
Attempt 1 failed: wf_optimizer() missing 1 required positional argument: 'task_list'
Attempt 2 failed: wf_optimizer() missing 1 required positional argument: 'task_list'
Attempt 3 failed: wf_optimizer() missing 1 required positional argument: 'task_list'
**************************************************
Failed level: level2 at 605
Running level2 at number 29
Attempt 1 failed: wf_optimizer() missing 1 required positional argument: 'task_list'
Attempt 2 failed: wf_optimizer() missing 1 required positional argument: 'task_list'
Attempt 3 failed: wf_optimizer() missing 1 required positional argument: 'task_list'
**************************************************
Failed level: level2 at 625
Running level2 at number 30
Attempt 1 failed: wf_optimizer() missing 1 required positional argument: 'task_list'
Attempt 2 failed: wf_optimizer() missing 1 required positional argument: 'task_list'
Attempt 3 failed: wf_optimizer() missing 1 required positional argument: 'task_list'
**************************************************
Failed level: level2 at 641
Running level2 at number 31
Attempt 1 failed: wf_optimizer() missing 1 required positional argument: 'task_list'
Attempt 2 failed: wf_optimizer() missing 1 required positional argument: 'task_list'
Attempt 3 failed: wf_optimizer() missing 1 required positional argument: 'task_list'
**************************************************
Failed level: level2 at 670
Running level2 at number 32
Attempt 1 failed: wf_optimizer() missing 1 required positional argument: 'task_list'
Attempt 2 failed: wf_optimizer() missing 1 required positional argument: 'task_list'
Attempt 3 failed: wf_optimizer() missing 1 required positional argument: 'task_list'
**************************************************
Failed level: level2 at 675
Running level2 at number 33
Attempt 1 failed: wf_optimizer() missing 1 required positional argument: 'task_list'
Attempt 2 failed: wf_optimizer() missing 1 required positional argument: 'task_list'
Attempt 3 failed: wf_optimizer() missing 1 required positional argument: 'task_list'
**************************************************
Failed level: level2 at 676
Running level2 at number 34
Attempt 1 failed: wf_optimizer() missing 1 required positional argument: 'task_list'
Attempt 2 failed: wf_optimizer() missing 1 required positional argument: 'task_list'
Attempt 3 failed: wf_optimizer() missing 1 required positional argument: 'task_list'
**************************************************
Failed level: level2 at 696
Running level2 at number 35
Attempt 1 failed: wf_optimizer() missing 1 required positional argument: 'task_list'
Attempt 2 failed: wf_optimizer() missing 1 required positional argument: 'task_list'
Attempt 3 failed: wf_optimizer() missing 1 required positional argument: 'task_list'
**************************************************
Failed level: level2 at 711
Running level2 at number 36
Attempt 1 failed: wf_optimizer() missing 1 required positional argument: 'task_list'
Attempt 2 failed: wf_optimizer() missing 1 required positional argument: 'task_list'
Attempt 3 failed: wf_optimizer() missing 1 required positional argument: 'task_list'
**************************************************
Failed level: level2 at 719
Running level2 at number 37
Attempt 1 failed: wf_optimizer() missing 1 required positional argument: 'task_list'
Attempt 2 failed: wf_optimizer() missing 1 required positional argument: 'task_list'
Attempt 3 failed: wf_optimizer() missing 1 required positional argument: 'task_list'
**************************************************
Failed level: level2 at 727
Running level2 at number 38
Attempt 1 failed: wf_optimizer() missing 1 required positional argument: 'task_list'
Attempt 2 failed: wf_optimizer() missing 1 required positional argument: 'task_list'
Attempt 3 failed: wf_optimizer() missing 1 required positional argument: 'task_list'
**************************************************
Failed level: level2 at 734
Running level2 at number 39
Attempt 1 failed: wf_optimizer() missing 1 required positional argument: 'task_list'
Attempt 2 failed: wf_optimizer() missing 1 required positional argument: 'task_list'
Attempt 3 failed: wf_optimizer() missing 1 required positional argument: 'task_list'
**************************************************
Failed level: level2 at 748
Running level2 at number 40
Attempt 1 failed: wf_optimizer() missing 1 required positional argument: 'task_list'
Attempt 2 failed: wf_optimizer() missing 1 required positional argument: 'task_list'
Attempt 3 failed: wf_optimizer() missing 1 required positional argument: 'task_list'
**************************************************
Failed level: level2 at 753
Running level2 at number 41
Attempt 1 failed: wf_optimizer() missing 1 required positional argument: 'task_list'
Attempt 2 failed: wf_optimizer() missing 1 required positional argument: 'task_list'
Attempt 3 failed: wf_optimizer() missing 1 required positional argument: 'task_list'
**************************************************
Failed level: level2 at 759
Running level2 at number 42
Attempt 1 failed: wf_optimizer() missing 1 required positional argument: 'task_list'
Attempt 2 failed: wf_optimizer() missing 1 required positional argument: 'task_list'
Attempt 3 failed: wf_optimizer() missing 1 required positional argument: 'task_list'
**************************************************
Failed level: level2 at 774
Running level2 at number 43
Attempt 1 failed: wf_optimizer() missing 1 required positional argument: 'task_list'
Attempt 2 failed: wf_optimizer() missing 1 required positional argument: 'task_list'
Attempt 3 failed: wf_optimizer() missing 1 required positional argument: 'task_list'
**************************************************
Failed level: level2 at 805
Running level2 at number 44
Attempt 1 failed: wf_optimizer() missing 1 required positional argument: 'task_list'
Attempt 2 failed: wf_optimizer() missing 1 required positional argument: 'task_list'
Attempt 3 failed: wf_optimizer() missing 1 required positional argument: 'task_list'
**************************************************
Failed level: level2 at 821
Running level2 at number 45
Attempt 1 failed: wf_optimizer() missing 1 required positional argument: 'task_list'
Attempt 2 failed: wf_optimizer() missing 1 required positional argument: 'task_list'
Attempt 3 failed: wf_optimizer() missing 1 required positional argument: 'task_list'
**************************************************
Failed level: level2 at 823
Running level2 at number 46
Attempt 1 failed: wf_optimizer() missing 1 required positional argument: 'task_list'
Attempt 2 failed: wf_optimizer() missing 1 required positional argument: 'task_list'
Attempt 3 failed: wf_optimizer() missing 1 required positional argument: 'task_list'
**************************************************
Failed level: level2 at 824
Running level2 at number 47
Attempt 1 failed: wf_optimizer() missing 1 required positional argument: 'task_list'
Attempt 2 failed: wf_optimizer() missing 1 required positional argument: 'task_list'
Attempt 3 failed: wf_optimizer() missing 1 required positional argument: 'task_list'
**************************************************
Failed level: level2 at 830
Running level2 at number 48
Attempt 1 failed: wf_optimizer() missing 1 required positional argument: 'task_list'
Attempt 2 failed: wf_optimizer() missing 1 required positional argument: 'task_list'
Attempt 3 failed: wf_optimizer() missing 1 required positional argument: 'task_list'
**************************************************
Failed level: level2 at 898
Running level2 at number 49
Attempt 1 failed: wf_optimizer() missing 1 required positional argument: 'task_list'
Attempt 2 failed: wf_optimizer() missing 1 required positional argument: 'task_list'
Attempt 3 failed: wf_optimizer() missing 1 required positional argument: 'task_list'
**************************************************
Failed level: level2 at 910
Running level2 at number 50
Attempt 1 failed: wf_optimizer() missing 1 required positional argument: 'task_list'
Attempt 2 failed: wf_optimizer() missing 1 required positional argument: 'task_list'
Attempt 3 failed: wf_optimizer() missing 1 required positional argument: 'task_list'
**************************************************
Failed level: level2 at 920
Running level2 at number 51
Attempt 1 failed: wf_optimizer() missing 1 required positional argument: 'task_list'
Attempt 2 failed: wf_optimizer() missing 1 required positional argument: 'task_list'
Attempt 3 failed: wf_optimizer() missing 1 required positional argument: 'task_list'
**************************************************
Failed level: level2 at 933
Running level2 at number 52
Attempt 1 failed: wf_optimizer() missing 1 required positional argument: 'task_list'
Attempt 2 failed: wf_optimizer() missing 1 required positional argument: 'task_list'
Attempt 3 failed: wf_optimizer() missing 1 required positional argument: 'task_list'
**************************************************
Failed level: level2 at 945
Running level2 at number 53
Attempt 1 failed: wf_optimizer() missing 1 required positional argument: 'task_list'
Attempt 2 failed: wf_optimizer() missing 1 required positional argument: 'task_list'
Attempt 3 failed: wf_optimizer() missing 1 required positional argument: 'task_list'
**************************************************
Failed level: level2 at 952
Running level2 at number 54
Attempt 1 failed: wf_optimizer() missing 1 required positional argument: 'task_list'
Attempt 2 failed: wf_optimizer() missing 1 required positional argument: 'task_list'
Attempt 3 failed: wf_optimizer() missing 1 required positional argument: 'task_list'
**************************************************
Failed level: level2 at 959
Running level2 at number 55
Attempt 1 failed: wf_optimizer() missing 1 required positional argument: 'task_list'
Attempt 2 failed: wf_optimizer() missing 1 required positional argument: 'task_list'
Attempt 3 failed: wf_optimizer() missing 1 required positional argument: 'task_list'
**************************************************
Failed level: level2 at 961
Running level2 at number 56
Attempt 1 failed: wf_optimizer() missing 1 required positional argument: 'task_list'
Attempt 2 failed: wf_optimizer() missing 1 required positional argument: 'task_list'
Attempt 3 failed: wf_optimizer() missing 1 required positional argument: 'task_list'
**************************************************
Failed level: level2 at 967
Running level2 at number 57
Attempt 1 failed: wf_optimizer() missing 1 required positional argument: 'task_list'
Attempt 2 failed: wf_optimizer() missing 1 required positional argument: 'task_list'
Attempt 3 failed: wf_optimizer() missing 1 required positional argument: 'task_list'
**************************************************
Failed level: level2 at 971
Running level2 at number 58
Attempt 1 failed: wf_optimizer() missing 1 required positional argument: 'task_list'
Attempt 2 failed: wf_optimizer() missing 1 required positional argument: 'task_list'
Attempt 3 failed: wf_optimizer() missing 1 required positional argument: 'task_list'
**************************************************
Failed level: level2 at 1011
Running level2 at number 59
Attempt 1 failed: wf_optimizer() missing 1 required positional argument: 'task_list'
Attempt 2 failed: wf_optimizer() missing 1 required positional argument: 'task_list'
Attempt 3 failed: wf_optimizer() missing 1 required positional argument: 'task_list'
**************************************************
Failed level: level2 at 1037
Running level2 at number 60
Attempt 1 failed: wf_optimizer() missing 1 required positional argument: 'task_list'
Attempt 2 failed: wf_optimizer() missing 1 required positional argument: 'task_list'
Attempt 3 failed: wf_optimizer() missing 1 required positional argument: 'task_list'
**************************************************
Failed level: level2 at 1044
Running level2 at number 61
Attempt 1 failed: wf_optimizer() missing 1 required positional argument: 'task_list'
Attempt 2 failed: wf_optimizer() missing 1 required positional argument: 'task_list'
Attempt 3 failed: wf_optimizer() missing 1 required positional argument: 'task_list'
**************************************************
Failed level: level2 at 1061
Running level2 at number 62
Attempt 1 failed: wf_optimizer() missing 1 required positional argument: 'task_list'
Attempt 2 failed: wf_optimizer() missing 1 required positional argument: 'task_list'
Attempt 3 failed: wf_optimizer() missing 1 required positional argument: 'task_list'
**************************************************
Failed level: level2 at 1067
Running level2 at number 63
Attempt 1 failed: wf_optimizer() missing 1 required positional argument: 'task_list'
Attempt 2 failed: wf_optimizer() missing 1 required positional argument: 'task_list'
Attempt 3 failed: wf_optimizer() missing 1 required positional argument: 'task_list'
**************************************************
Failed level: level2 at 1075
Running level2 at number 64
Attempt 1 failed: wf_optimizer() missing 1 required positional argument: 'task_list'
Attempt 2 failed: wf_optimizer() missing 1 required positional argument: 'task_list'
Attempt 3 failed: wf_optimizer() missing 1 required positional argument: 'task_list'
**************************************************
Failed level: level2 at 1080
Running level2 at number 65
Attempt 1 failed: wf_optimizer() missing 1 required positional argument: 'task_list'
Attempt 2 failed: wf_optimizer() missing 1 required positional argument: 'task_list'
Attempt 3 failed: wf_optimizer() missing 1 required positional argument: 'task_list'
**************************************************
Failed level: level2 at 1088
Running level2 at number 66
Attempt 1 failed: wf_optimizer() missing 1 required positional argument: 'task_list'
Attempt 2 failed: wf_optimizer() missing 1 required positional argument: 'task_list'
Attempt 3 failed: wf_optimizer() missing 1 required positional argument: 'task_list'
**************************************************
Failed level: level2 at 1093
Running level2 at number 67
Attempt 1 failed: wf_optimizer() missing 1 required positional argument: 'task_list'
Attempt 2 failed: wf_optimizer() missing 1 required positional argument: 'task_list'
Attempt 3 failed: wf_optimizer() missing 1 required positional argument: 'task_list'
**************************************************
Failed level: level2 at 1097
Running level2 at number 68
Attempt 1 failed: wf_optimizer() missing 1 required positional argument: 'task_list'
Attempt 2 failed: wf_optimizer() missing 1 required positional argument: 'task_list'
Attempt 3 failed: wf_optimizer() missing 1 required positional argument: 'task_list'
**************************************************
Failed level: level2 at 1112
Running level2 at number 69
Attempt 1 failed: wf_optimizer() missing 1 required positional argument: 'task_list'
Attempt 2 failed: wf_optimizer() missing 1 required positional argument: 'task_list'
Attempt 3 failed: wf_optimizer() missing 1 required positional argument: 'task_list'
**************************************************
Failed level: level2 at 1117
Running level2 at number 70
Attempt 1 failed: wf_optimizer() missing 1 required positional argument: 'task_list'
Attempt 2 failed: wf_optimizer() missing 1 required positional argument: 'task_list'
Attempt 3 failed: wf_optimizer() missing 1 required positional argument: 'task_list'
**************************************************
Failed level: level2 at 1118
Running level2 at number 71
Attempt 1 failed: wf_optimizer() missing 1 required positional argument: 'task_list'
Attempt 2 failed: wf_optimizer() missing 1 required positional argument: 'task_list'
Attempt 3 failed: wf_optimizer() missing 1 required positional argument: 'task_list'
**************************************************
Failed level: level2 at 1132
Running level2 at number 72
Attempt 1 failed: wf_optimizer() missing 1 required positional argument: 'task_list'
Attempt 2 failed: wf_optimizer() missing 1 required positional argument: 'task_list'
Attempt 3 failed: wf_optimizer() missing 1 required positional argument: 'task_list'
**************************************************
Failed level: level2 at 1165
Running level2 at number 73
Attempt 1 failed: wf_optimizer() missing 1 required positional argument: 'task_list'
Attempt 2 failed: wf_optimizer() missing 1 required positional argument: 'task_list'
Attempt 3 failed: wf_optimizer() missing 1 required positional argument: 'task_list'
**************************************************
Failed level: level2 at 1176
Running level2 at number 74
Attempt 1 failed: wf_optimizer() missing 1 required positional argument: 'task_list'
Attempt 2 failed: wf_optimizer() missing 1 required positional argument: 'task_list'
Attempt 3 failed: wf_optimizer() missing 1 required positional argument: 'task_list'
**************************************************
Failed level: level2 at 1190
Running level2 at number 75
Attempt 1 failed: wf_optimizer() missing 1 required positional argument: 'task_list'
Attempt 2 failed: wf_optimizer() missing 1 required positional argument: 'task_list'
Attempt 3 failed: wf_optimizer() missing 1 required positional argument: 'task_list'
**************************************************
Failed level: level2 at 1209
Running level2 at number 76
Attempt 1 failed: wf_optimizer() missing 1 required positional argument: 'task_list'
Attempt 2 failed: wf_optimizer() missing 1 required positional argument: 'task_list'
Attempt 3 failed: wf_optimizer() missing 1 required positional argument: 'task_list'
**************************************************
Failed level: level2 at 1225
Running level2 at number 77
Attempt 1 failed: wf_optimizer() missing 1 required positional argument: 'task_list'
Attempt 2 failed: wf_optimizer() missing 1 required positional argument: 'task_list'
Attempt 3 failed: wf_optimizer() missing 1 required positional argument: 'task_list'
**************************************************
Failed level: level2 at 1227
Running level2 at number 78
Attempt 1 failed: wf_optimizer() missing 1 required positional argument: 'task_list'
Attempt 2 failed: wf_optimizer() missing 1 required positional argument: 'task_list'
Attempt 3 failed: wf_optimizer() missing 1 required positional argument: 'task_list'
**************************************************
Failed level: level2 at 1236
Running level2 at number 79
Attempt 1 failed: wf_optimizer() missing 1 required positional argument: 'task_list'
Attempt 2 failed: wf_optimizer() missing 1 required positional argument: 'task_list'
Attempt 3 failed: wf_optimizer() missing 1 required positional argument: 'task_list'
**************************************************
Failed level: level2 at 1250
Running level2 at number 80
Attempt 1 failed: wf_optimizer() missing 1 required positional argument: 'task_list'
Attempt 2 failed: wf_optimizer() missing 1 required positional argument: 'task_list'
Attempt 3 failed: wf_optimizer() missing 1 required positional argument: 'task_list'
**************************************************
Failed level: level2 at 1255
Running level2 at number 81
Attempt 1 failed: wf_optimizer() missing 1 required positional argument: 'task_list'
Attempt 2 failed: wf_optimizer() missing 1 required positional argument: 'task_list'
Attempt 3 failed: wf_optimizer() missing 1 required positional argument: 'task_list'
**************************************************
Failed level: level2 at 1259
Running level2 at number 82
Attempt 1 failed: wf_optimizer() missing 1 required positional argument: 'task_list'
Attempt 2 failed: wf_optimizer() missing 1 required positional argument: 'task_list'
Attempt 3 failed: wf_optimizer() missing 1 required positional argument: 'task_list'
**************************************************
Failed level: level2 at 1267
Running level2 at number 83
Attempt 1 failed: wf_optimizer() missing 1 required positional argument: 'task_list'
Attempt 2 failed: wf_optimizer() missing 1 required positional argument: 'task_list'
Attempt 3 failed: wf_optimizer() missing 1 required positional argument: 'task_list'
**************************************************
Failed level: level2 at 1294
Running level2 at number 84
Attempt 1 failed: wf_optimizer() missing 1 required positional argument: 'task_list'
Attempt 2 failed: wf_optimizer() missing 1 required positional argument: 'task_list'
Attempt 3 failed: wf_optimizer() missing 1 required positional argument: 'task_list'
**************************************************
Failed level: level2 at 1298
Running level2 at number 85
Attempt 1 failed: wf_optimizer() missing 1 required positional argument: 'task_list'
Attempt 2 failed: wf_optimizer() missing 1 required positional argument: 'task_list'
Attempt 3 failed: wf_optimizer() missing 1 required positional argument: 'task_list'
**************************************************
Failed level: level2 at 1300
Running level2 at number 86
Attempt 1 failed: wf_optimizer() missing 1 required positional argument: 'task_list'
Attempt 2 failed: wf_optimizer() missing 1 required positional argument: 'task_list'
Attempt 3 failed: wf_optimizer() missing 1 required positional argument: 'task_list'
**************************************************
Failed level: level2 at 1304
Running level2 at number 87
Attempt 1 failed: wf_optimizer() missing 1 required positional argument: 'task_list'
Attempt 2 failed: wf_optimizer() missing 1 required positional argument: 'task_list'
Attempt 3 failed: wf_optimizer() missing 1 required positional argument: 'task_list'
**************************************************
Failed level: level2 at 1319
Running level2 at number 88
Attempt 1 failed: wf_optimizer() missing 1 required positional argument: 'task_list'
Attempt 2 failed: wf_optimizer() missing 1 required positional argument: 'task_list'
Attempt 3 failed: wf_optimizer() missing 1 required positional argument: 'task_list'
**************************************************
Failed level: level2 at 1322
Running level2 at number 89
Attempt 1 failed: wf_optimizer() missing 1 required positional argument: 'task_list'
Attempt 2 failed: wf_optimizer() missing 1 required positional argument: 'task_list'
Attempt 3 failed: wf_optimizer() missing 1 required positional argument: 'task_list'
**************************************************
Failed level: level2 at 1351
Running level2 at number 90
Attempt 1 failed: wf_optimizer() missing 1 required positional argument: 'task_list'
Attempt 2 failed: wf_optimizer() missing 1 required positional argument: 'task_list'
Attempt 3 failed: wf_optimizer() missing 1 required positional argument: 'task_list'
**************************************************
Failed level: level2 at 1354
Running level2 at number 91
Attempt 1 failed: wf_optimizer() missing 1 required positional argument: 'task_list'
Attempt 2 failed: wf_optimizer() missing 1 required positional argument: 'task_list'
Attempt 3 failed: wf_optimizer() missing 1 required positional argument: 'task_list'
**************************************************
Failed level: level2 at 1359
Running level2 at number 92
Attempt 1 failed: wf_optimizer() missing 1 required positional argument: 'task_list'
Attempt 2 failed: wf_optimizer() missing 1 required positional argument: 'task_list'
Attempt 3 failed: wf_optimizer() missing 1 required positional argument: 'task_list'
**************************************************
Failed level: level2 at 1367
Running level2 at number 93
Attempt 1 failed: wf_optimizer() missing 1 required positional argument: 'task_list'
Attempt 2 failed: wf_optimizer() missing 1 required positional argument: 'task_list'
Attempt 3 failed: wf_optimizer() missing 1 required positional argument: 'task_list'
**************************************************
Failed level: level2 at 1380
Running level2 at number 94
Attempt 1 failed: wf_optimizer() missing 1 required positional argument: 'task_list'
Attempt 2 failed: wf_optimizer() missing 1 required positional argument: 'task_list'
Attempt 3 failed: wf_optimizer() missing 1 required positional argument: 'task_list'
**************************************************
Failed level: level2 at 1410
Running level2 at number 95
Attempt 1 failed: wf_optimizer() missing 1 required positional argument: 'task_list'
Attempt 2 failed: wf_optimizer() missing 1 required positional argument: 'task_list'
Attempt 3 failed: wf_optimizer() missing 1 required positional argument: 'task_list'
**************************************************
Failed level: level2 at 1425
Running level2 at number 96
Attempt 1 failed: wf_optimizer() missing 1 required positional argument: 'task_list'
Attempt 2 failed: wf_optimizer() missing 1 required positional argument: 'task_list'
Attempt 3 failed: wf_optimizer() missing 1 required positional argument: 'task_list'
**************************************************
Failed level: level2 at 1459
Running level2 at number 97
Attempt 1 failed: wf_optimizer() missing 1 required positional argument: 'task_list'
Attempt 2 failed: wf_optimizer() missing 1 required positional argument: 'task_list'
Attempt 3 failed: wf_optimizer() missing 1 required positional argument: 'task_list'
**************************************************
Failed level: level2 at 1509
Running level2 at number 98
Attempt 1 failed: wf_optimizer() missing 1 required positional argument: 'task_list'
Attempt 2 failed: wf_optimizer() missing 1 required positional argument: 'task_list'
Attempt 3 failed: wf_optimizer() missing 1 required positional argument: 'task_list'
**************************************************
Failed level: level2 at 1532
Running level2 at number 99
Attempt 1 failed: wf_optimizer() missing 1 required positional argument: 'task_list'
Attempt 2 failed: wf_optimizer() missing 1 required positional argument: 'task_list'
Attempt 3 failed: wf_optimizer() missing 1 required positional argument: 'task_list'
**************************************************
Failed level: level2 at 1535
level2 Generation Success
Running level3 at number 0
Attempt 1 failed: wf_optimizer() missing 1 required positional argument: 'task_list'
Attempt 2 failed: wf_optimizer() missing 1 required positional argument: 'task_list'
Attempt 3 failed: wf_optimizer() missing 1 required positional argument: 'task_list'
**************************************************
Failed level: level3 at 18
Running level3 at number 1
Attempt 1 failed: wf_optimizer() missing 1 required positional argument: 'task_list'
Attempt 2 failed: wf_optimizer() missing 1 required positional argument: 'task_list'
Attempt 3 failed: wf_optimizer() missing 1 required positional argument: 'task_list'
**************************************************
Failed level: level3 at 20
Running level3 at number 2
Attempt 1 failed: wf_optimizer() missing 1 required positional argument: 'task_list'
Attempt 2 failed: wf_optimizer() missing 1 required positional argument: 'task_list'
Attempt 3 failed: wf_optimizer() missing 1 required positional argument: 'task_list'
**************************************************
Failed level: level3 at 21
Running level3 at number 3
Attempt 1 failed: wf_optimizer() missing 1 required positional argument: 'task_list'
Attempt 2 failed: wf_optimizer() missing 1 required positional argument: 'task_list'
Attempt 3 failed: wf_optimizer() missing 1 required positional argument: 'task_list'
**************************************************
Failed level: level3 at 22
Running level3 at number 4
Attempt 1 failed: wf_optimizer() missing 1 required positional argument: 'task_list'
Attempt 2 failed: wf_optimizer() missing 1 required positional argument: 'task_list'
Attempt 3 failed: wf_optimizer() missing 1 required positional argument: 'task_list'
**************************************************
Failed level: level3 at 89
Running level3 at number 5
Attempt 1 failed: wf_optimizer() missing 1 required positional argument: 'task_list'
Attempt 2 failed: wf_optimizer() missing 1 required positional argument: 'task_list'
Attempt 3 failed: wf_optimizer() missing 1 required positional argument: 'task_list'
**************************************************
Failed level: level3 at 90
Running level3 at number 6
Attempt 1 failed: wf_optimizer() missing 1 required positional argument: 'task_list'
Attempt 2 failed: wf_optimizer() missing 1 required positional argument: 'task_list'
Attempt 3 failed: wf_optimizer() missing 1 required positional argument: 'task_list'
**************************************************
Failed level: level3 at 91
Running level3 at number 7
Attempt 1 failed: wf_optimizer() missing 1 required positional argument: 'task_list'
Attempt 2 failed: wf_optimizer() missing 1 required positional argument: 'task_list'
Attempt 3 failed: wf_optimizer() missing 1 required positional argument: 'task_list'
**************************************************
Failed level: level3 at 92
Running level3 at number 8
Attempt 1 failed: wf_optimizer() missing 1 required positional argument: 'task_list'
Attempt 2 failed: wf_optimizer() missing 1 required positional argument: 'task_list'
Attempt 3 failed: wf_optimizer() missing 1 required positional argument: 'task_list'
**************************************************
Failed level: level3 at 94
Running level3 at number 9
Attempt 1 failed: wf_optimizer() missing 1 required positional argument: 'task_list'
Attempt 2 failed: wf_optimizer() missing 1 required positional argument: 'task_list'
Attempt 3 failed: wf_optimizer() missing 1 required positional argument: 'task_list'
**************************************************
Failed level: level3 at 105
Running level3 at number 10
Attempt 1 failed: wf_optimizer() missing 1 required positional argument: 'task_list'
Attempt 2 failed: wf_optimizer() missing 1 required positional argument: 'task_list'
Attempt 3 failed: wf_optimizer() missing 1 required positional argument: 'task_list'
**************************************************
Failed level: level3 at 106
Running level3 at number 11
Attempt 1 failed: wf_optimizer() missing 1 required positional argument: 'task_list'
Attempt 2 failed: wf_optimizer() missing 1 required positional argument: 'task_list'
Attempt 3 failed: wf_optimizer() missing 1 required positional argument: 'task_list'
**************************************************
Failed level: level3 at 107
Running level3 at number 12
Attempt 1 failed: wf_optimizer() missing 1 required positional argument: 'task_list'
Attempt 2 failed: wf_optimizer() missing 1 required positional argument: 'task_list'
Attempt 3 failed: wf_optimizer() missing 1 required positional argument: 'task_list'
**************************************************
Failed level: level3 at 109
Running level3 at number 13
Attempt 1 failed: wf_optimizer() missing 1 required positional argument: 'task_list'
Attempt 2 failed: wf_optimizer() missing 1 required positional argument: 'task_list'
Attempt 3 failed: wf_optimizer() missing 1 required positional argument: 'task_list'
**************************************************
Failed level: level3 at 110
Running level3 at number 14
Attempt 1 failed: wf_optimizer() missing 1 required positional argument: 'task_list'
Attempt 2 failed: wf_optimizer() missing 1 required positional argument: 'task_list'
Attempt 3 failed: wf_optimizer() missing 1 required positional argument: 'task_list'
**************************************************
Failed level: level3 at 111
Running level3 at number 15
Attempt 1 failed: wf_optimizer() missing 1 required positional argument: 'task_list'
Attempt 2 failed: wf_optimizer() missing 1 required positional argument: 'task_list'
Attempt 3 failed: wf_optimizer() missing 1 required positional argument: 'task_list'
**************************************************
Failed level: level3 at 113
Running level3 at number 16
Attempt 1 failed: wf_optimizer() missing 1 required positional argument: 'task_list'
Attempt 2 failed: wf_optimizer() missing 1 required positional argument: 'task_list'
Attempt 3 failed: wf_optimizer() missing 1 required positional argument: 'task_list'
**************************************************
Failed level: level3 at 117
Running level3 at number 17
Attempt 1 failed: wf_optimizer() missing 1 required positional argument: 'task_list'
Attempt 2 failed: wf_optimizer() missing 1 required positional argument: 'task_list'
Attempt 3 failed: wf_optimizer() missing 1 required positional argument: 'task_list'
**************************************************
Failed level: level3 at 118
Running level3 at number 18
Attempt 1 failed: wf_optimizer() missing 1 required positional argument: 'task_list'
Attempt 2 failed: wf_optimizer() missing 1 required positional argument: 'task_list'
Attempt 3 failed: wf_optimizer() missing 1 required positional argument: 'task_list'
**************************************************
Failed level: level3 at 119
Running level3 at number 19
Attempt 1 failed: wf_optimizer() missing 1 required positional argument: 'task_list'
Attempt 2 failed: wf_optimizer() missing 1 required positional argument: 'task_list'
Attempt 3 failed: wf_optimizer() missing 1 required positional argument: 'task_list'
**************************************************
Failed level: level3 at 120
Running level3 at number 20
Attempt 1 failed: wf_optimizer() missing 1 required positional argument: 'task_list'
Attempt 2 failed: wf_optimizer() missing 1 required positional argument: 'task_list'
Attempt 3 failed: wf_optimizer() missing 1 required positional argument: 'task_list'
**************************************************
Failed level: level3 at 121
Running level3 at number 21
Attempt 1 failed: wf_optimizer() missing 1 required positional argument: 'task_list'
Attempt 2 failed: wf_optimizer() missing 1 required positional argument: 'task_list'
Attempt 3 failed: wf_optimizer() missing 1 required positional argument: 'task_list'
**************************************************
Failed level: level3 at 122
Running level3 at number 22
Attempt 1 failed: wf_optimizer() missing 1 required positional argument: 'task_list'
Attempt 2 failed: wf_optimizer() missing 1 required positional argument: 'task_list'
Attempt 3 failed: wf_optimizer() missing 1 required positional argument: 'task_list'
**************************************************
Failed level: level3 at 123
Running level3 at number 23
Attempt 1 failed: wf_optimizer() missing 1 required positional argument: 'task_list'
Attempt 2 failed: wf_optimizer() missing 1 required positional argument: 'task_list'
Attempt 3 failed: wf_optimizer() missing 1 required positional argument: 'task_list'
**************************************************
Failed level: level3 at 124
Running level3 at number 24
Attempt 1 failed: wf_optimizer() missing 1 required positional argument: 'task_list'
Attempt 2 failed: wf_optimizer() missing 1 required positional argument: 'task_list'
Attempt 3 failed: wf_optimizer() missing 1 required positional argument: 'task_list'
**************************************************
Failed level: level3 at 126
Running level3 at number 25
Attempt 1 failed: wf_optimizer() missing 1 required positional argument: 'task_list'
Attempt 2 failed: wf_optimizer() missing 1 required positional argument: 'task_list'
Attempt 3 failed: wf_optimizer() missing 1 required positional argument: 'task_list'
**************************************************
Failed level: level3 at 127
Running level3 at number 26
Attempt 1 failed: wf_optimizer() missing 1 required positional argument: 'task_list'
Attempt 2 failed: wf_optimizer() missing 1 required positional argument: 'task_list'
Attempt 3 failed: wf_optimizer() missing 1 required positional argument: 'task_list'
**************************************************
Failed level: level3 at 129
Running level3 at number 27
Attempt 1 failed: wf_optimizer() missing 1 required positional argument: 'task_list'
Attempt 2 failed: wf_optimizer() missing 1 required positional argument: 'task_list'
Attempt 3 failed: wf_optimizer() missing 1 required positional argument: 'task_list'
**************************************************
Failed level: level3 at 130
Running level3 at number 28
Attempt 1 failed: wf_optimizer() missing 1 required positional argument: 'task_list'
Attempt 2 failed: wf_optimizer() missing 1 required positional argument: 'task_list'
Attempt 3 failed: wf_optimizer() missing 1 required positional argument: 'task_list'
**************************************************
Failed level: level3 at 131
Running level3 at number 29
Attempt 1 failed: wf_optimizer() missing 1 required positional argument: 'task_list'
Attempt 2 failed: wf_optimizer() missing 1 required positional argument: 'task_list'
Attempt 3 failed: wf_optimizer() missing 1 required positional argument: 'task_list'
**************************************************
Failed level: level3 at 207
Running level3 at number 30
Attempt 1 failed: wf_optimizer() missing 1 required positional argument: 'task_list'
Attempt 2 failed: wf_optimizer() missing 1 required positional argument: 'task_list'
Attempt 3 failed: wf_optimizer() missing 1 required positional argument: 'task_list'
**************************************************
Failed level: level3 at 208
Running level3 at number 31
Attempt 1 failed: wf_optimizer() missing 1 required positional argument: 'task_list'
Attempt 2 failed: wf_optimizer() missing 1 required positional argument: 'task_list'
Attempt 3 failed: wf_optimizer() missing 1 required positional argument: 'task_list'
**************************************************
Failed level: level3 at 209
Running level3 at number 32
Attempt 1 failed: wf_optimizer() missing 1 required positional argument: 'task_list'
Attempt 2 failed: wf_optimizer() missing 1 required positional argument: 'task_list'
Attempt 3 failed: wf_optimizer() missing 1 required positional argument: 'task_list'
**************************************************
Failed level: level3 at 214
Running level3 at number 33
Attempt 1 failed: wf_optimizer() missing 1 required positional argument: 'task_list'
Attempt 2 failed: wf_optimizer() missing 1 required positional argument: 'task_list'
Attempt 3 failed: wf_optimizer() missing 1 required positional argument: 'task_list'
**************************************************
Failed level: level3 at 215
Running level3 at number 34
Attempt 1 failed: wf_optimizer() missing 1 required positional argument: 'task_list'
Attempt 2 failed: wf_optimizer() missing 1 required positional argument: 'task_list'
Attempt 3 failed: wf_optimizer() missing 1 required positional argument: 'task_list'
**************************************************
Failed level: level3 at 216
Running level3 at number 35
Attempt 1 failed: wf_optimizer() missing 1 required positional argument: 'task_list'
Attempt 2 failed: wf_optimizer() missing 1 required positional argument: 'task_list'
Attempt 3 failed: wf_optimizer() missing 1 required positional argument: 'task_list'
**************************************************
Failed level: level3 at 217
Running level3 at number 36
Attempt 1 failed: wf_optimizer() missing 1 required positional argument: 'task_list'
Attempt 2 failed: wf_optimizer() missing 1 required positional argument: 'task_list'
Attempt 3 failed: wf_optimizer() missing 1 required positional argument: 'task_list'
**************************************************
Failed level: level3 at 376
Running level3 at number 37
Attempt 1 failed: wf_optimizer() missing 1 required positional argument: 'task_list'
Attempt 2 failed: wf_optimizer() missing 1 required positional argument: 'task_list'
Attempt 3 failed: wf_optimizer() missing 1 required positional argument: 'task_list'
**************************************************
Failed level: level3 at 377
Running level3 at number 38
Attempt 1 failed: wf_optimizer() missing 1 required positional argument: 'task_list'
Attempt 2 failed: wf_optimizer() missing 1 required positional argument: 'task_list'
Attempt 3 failed: wf_optimizer() missing 1 required positional argument: 'task_list'
**************************************************
Failed level: level3 at 378
Running level3 at number 39
Attempt 1 failed: wf_optimizer() missing 1 required positional argument: 'task_list'
Attempt 2 failed: wf_optimizer() missing 1 required positional argument: 'task_list'
Attempt 3 failed: wf_optimizer() missing 1 required positional argument: 'task_list'
**************************************************
Failed level: level3 at 379
Running level3 at number 40
Attempt 1 failed: wf_optimizer() missing 1 required positional argument: 'task_list'
Attempt 2 failed: wf_optimizer() missing 1 required positional argument: 'task_list'
Attempt 3 failed: wf_optimizer() missing 1 required positional argument: 'task_list'
**************************************************
Failed level: level3 at 380
Running level3 at number 41
Attempt 1 failed: wf_optimizer() missing 1 required positional argument: 'task_list'
Attempt 2 failed: wf_optimizer() missing 1 required positional argument: 'task_list'
Attempt 3 failed: wf_optimizer() missing 1 required positional argument: 'task_list'
**************************************************
Failed level: level3 at 381
Running level3 at number 42
Attempt 1 failed: wf_optimizer() missing 1 required positional argument: 'task_list'
Attempt 2 failed: wf_optimizer() missing 1 required positional argument: 'task_list'
Attempt 3 failed: wf_optimizer() missing 1 required positional argument: 'task_list'
**************************************************
Failed level: level3 at 414
Running level3 at number 43
Attempt 1 failed: wf_optimizer() missing 1 required positional argument: 'task_list'
Attempt 2 failed: wf_optimizer() missing 1 required positional argument: 'task_list'
Attempt 3 failed: wf_optimizer() missing 1 required positional argument: 'task_list'
**************************************************
Failed level: level3 at 415
Running level3 at number 44
Attempt 1 failed: wf_optimizer() missing 1 required positional argument: 'task_list'
Attempt 2 failed: wf_optimizer() missing 1 required positional argument: 'task_list'
Attempt 3 failed: wf_optimizer() missing 1 required positional argument: 'task_list'
**************************************************
Failed level: level3 at 416
Running level3 at number 45
Attempt 1 failed: wf_optimizer() missing 1 required positional argument: 'task_list'
Attempt 2 failed: wf_optimizer() missing 1 required positional argument: 'task_list'
Attempt 3 failed: wf_optimizer() missing 1 required positional argument: 'task_list'
**************************************************
Failed level: level3 at 418
Running level3 at number 46
Attempt 1 failed: wf_optimizer() missing 1 required positional argument: 'task_list'
Attempt 2 failed: wf_optimizer() missing 1 required positional argument: 'task_list'
Attempt 3 failed: wf_optimizer() missing 1 required positional argument: 'task_list'
**************************************************
Failed level: level3 at 442
Running level3 at number 47
Attempt 1 failed: wf_optimizer() missing 1 required positional argument: 'task_list'
Attempt 2 failed: wf_optimizer() missing 1 required positional argument: 'task_list'
Attempt 3 failed: wf_optimizer() missing 1 required positional argument: 'task_list'
**************************************************
Failed level: level3 at 450
Running level3 at number 48
Attempt 1 failed: wf_optimizer() missing 1 required positional argument: 'task_list'
Attempt 2 failed: wf_optimizer() missing 1 required positional argument: 'task_list'
Attempt 3 failed: wf_optimizer() missing 1 required positional argument: 'task_list'
**************************************************
Failed level: level3 at 474
Running level3 at number 49
Attempt 1 failed: wf_optimizer() missing 1 required positional argument: 'task_list'
Attempt 2 failed: wf_optimizer() missing 1 required positional argument: 'task_list'
Attempt 3 failed: wf_optimizer() missing 1 required positional argument: 'task_list'
**************************************************
Failed level: level3 at 477
Running level3 at number 50
Attempt 1 failed: wf_optimizer() missing 1 required positional argument: 'task_list'
Attempt 2 failed: wf_optimizer() missing 1 required positional argument: 'task_list'
Attempt 3 failed: wf_optimizer() missing 1 required positional argument: 'task_list'
**************************************************
Failed level: level3 at 478
Running level3 at number 51
Attempt 1 failed: wf_optimizer() missing 1 required positional argument: 'task_list'
Attempt 2 failed: wf_optimizer() missing 1 required positional argument: 'task_list'
Attempt 3 failed: wf_optimizer() missing 1 required positional argument: 'task_list'
**************************************************
Failed level: level3 at 479
Running level3 at number 52
Attempt 1 failed: wf_optimizer() missing 1 required positional argument: 'task_list'
Attempt 2 failed: wf_optimizer() missing 1 required positional argument: 'task_list'
Attempt 3 failed: wf_optimizer() missing 1 required positional argument: 'task_list'
**************************************************
Failed level: level3 at 481
Running level3 at number 53
Attempt 1 failed: wf_optimizer() missing 1 required positional argument: 'task_list'
Attempt 2 failed: wf_optimizer() missing 1 required positional argument: 'task_list'
Attempt 3 failed: wf_optimizer() missing 1 required positional argument: 'task_list'
**************************************************
Failed level: level3 at 538
Running level3 at number 54
Attempt 1 failed: wf_optimizer() missing 1 required positional argument: 'task_list'
Attempt 2 failed: wf_optimizer() missing 1 required positional argument: 'task_list'
Attempt 3 failed: wf_optimizer() missing 1 required positional argument: 'task_list'
**************************************************
Failed level: level3 at 631
Running level3 at number 55
Attempt 1 failed: wf_optimizer() missing 1 required positional argument: 'task_list'
Attempt 2 failed: wf_optimizer() missing 1 required positional argument: 'task_list'
Attempt 3 failed: wf_optimizer() missing 1 required positional argument: 'task_list'
**************************************************
Failed level: level3 at 632
Running level3 at number 56
Attempt 1 failed: wf_optimizer() missing 1 required positional argument: 'task_list'
Attempt 2 failed: wf_optimizer() missing 1 required positional argument: 'task_list'
Attempt 3 failed: wf_optimizer() missing 1 required positional argument: 'task_list'
**************************************************
Failed level: level3 at 633
Running level3 at number 57
Attempt 1 failed: wf_optimizer() missing 1 required positional argument: 'task_list'
Attempt 2 failed: wf_optimizer() missing 1 required positional argument: 'task_list'
Attempt 3 failed: wf_optimizer() missing 1 required positional argument: 'task_list'
**************************************************
Failed level: level3 at 636
Running level3 at number 58
Attempt 1 failed: wf_optimizer() missing 1 required positional argument: 'task_list'
Attempt 2 failed: wf_optimizer() missing 1 required positional argument: 'task_list'
Attempt 3 failed: wf_optimizer() missing 1 required positional argument: 'task_list'
**************************************************
Failed level: level3 at 637
Running level3 at number 59
Attempt 1 failed: wf_optimizer() missing 1 required positional argument: 'task_list'
Attempt 2 failed: wf_optimizer() missing 1 required positional argument: 'task_list'
Attempt 3 failed: wf_optimizer() missing 1 required positional argument: 'task_list'
**************************************************
Failed level: level3 at 639
Running level3 at number 60
Attempt 1 failed: wf_optimizer() missing 1 required positional argument: 'task_list'
Attempt 2 failed: wf_optimizer() missing 1 required positional argument: 'task_list'
Attempt 3 failed: wf_optimizer() missing 1 required positional argument: 'task_list'
**************************************************
Failed level: level3 at 640
Running level3 at number 61
Attempt 1 failed: wf_optimizer() missing 1 required positional argument: 'task_list'
Attempt 2 failed: wf_optimizer() missing 1 required positional argument: 'task_list'
Attempt 3 failed: wf_optimizer() missing 1 required positional argument: 'task_list'
**************************************************
Failed level: level3 at 645
Running level3 at number 62
Attempt 1 failed: wf_optimizer() missing 1 required positional argument: 'task_list'
Attempt 2 failed: wf_optimizer() missing 1 required positional argument: 'task_list'
Attempt 3 failed: wf_optimizer() missing 1 required positional argument: 'task_list'
**************************************************
Failed level: level3 at 740
Running level3 at number 63
Attempt 1 failed: wf_optimizer() missing 1 required positional argument: 'task_list'
Attempt 2 failed: wf_optimizer() missing 1 required positional argument: 'task_list'
Attempt 3 failed: wf_optimizer() missing 1 required positional argument: 'task_list'
**************************************************
Failed level: level3 at 741
Running level3 at number 64
Attempt 1 failed: wf_optimizer() missing 1 required positional argument: 'task_list'
Attempt 2 failed: wf_optimizer() missing 1 required positional argument: 'task_list'
Attempt 3 failed: wf_optimizer() missing 1 required positional argument: 'task_list'
**************************************************
Failed level: level3 at 743
Running level3 at number 65
Attempt 1 failed: wf_optimizer() missing 1 required positional argument: 'task_list'
Attempt 2 failed: wf_optimizer() missing 1 required positional argument: 'task_list'
Attempt 3 failed: wf_optimizer() missing 1 required positional argument: 'task_list'
**************************************************
Failed level: level3 at 776
Running level3 at number 66
Attempt 1 failed: wf_optimizer() missing 1 required positional argument: 'task_list'
Attempt 2 failed: wf_optimizer() missing 1 required positional argument: 'task_list'
Attempt 3 failed: wf_optimizer() missing 1 required positional argument: 'task_list'
**************************************************
Failed level: level3 at 780
Running level3 at number 67
Attempt 1 failed: wf_optimizer() missing 1 required positional argument: 'task_list'
Attempt 2 failed: wf_optimizer() missing 1 required positional argument: 'task_list'
Attempt 3 failed: wf_optimizer() missing 1 required positional argument: 'task_list'
**************************************************
Failed level: level3 at 862
Running level3 at number 68
Attempt 1 failed: wf_optimizer() missing 1 required positional argument: 'task_list'
Attempt 2 failed: wf_optimizer() missing 1 required positional argument: 'task_list'
Attempt 3 failed: wf_optimizer() missing 1 required positional argument: 'task_list'
**************************************************
Failed level: level3 at 872
Running level3 at number 69
Attempt 1 failed: wf_optimizer() missing 1 required positional argument: 'task_list'
Attempt 2 failed: wf_optimizer() missing 1 required positional argument: 'task_list'
Attempt 3 failed: wf_optimizer() missing 1 required positional argument: 'task_list'
**************************************************
Failed level: level3 at 873
Running level3 at number 70
Attempt 1 failed: wf_optimizer() missing 1 required positional argument: 'task_list'
Attempt 2 failed: wf_optimizer() missing 1 required positional argument: 'task_list'
Attempt 3 failed: wf_optimizer() missing 1 required positional argument: 'task_list'
**************************************************
Failed level: level3 at 877
Running level3 at number 71
Attempt 1 failed: wf_optimizer() missing 1 required positional argument: 'task_list'
Attempt 2 failed: wf_optimizer() missing 1 required positional argument: 'task_list'
Attempt 3 failed: wf_optimizer() missing 1 required positional argument: 'task_list'
**************************************************
Failed level: level3 at 878
Running level3 at number 72
Attempt 1 failed: wf_optimizer() missing 1 required positional argument: 'task_list'
Attempt 2 failed: wf_optimizer() missing 1 required positional argument: 'task_list'
Attempt 3 failed: wf_optimizer() missing 1 required positional argument: 'task_list'
**************************************************
Failed level: level3 at 879
Running level3 at number 73
Attempt 1 failed: wf_optimizer() missing 1 required positional argument: 'task_list'
Attempt 2 failed: wf_optimizer() missing 1 required positional argument: 'task_list'
Attempt 3 failed: wf_optimizer() missing 1 required positional argument: 'task_list'
**************************************************
Failed level: level3 at 887
Running level3 at number 74
Attempt 1 failed: wf_optimizer() missing 1 required positional argument: 'task_list'
Attempt 2 failed: wf_optimizer() missing 1 required positional argument: 'task_list'
Attempt 3 failed: wf_optimizer() missing 1 required positional argument: 'task_list'
**************************************************
Failed level: level3 at 889
Running level3 at number 75
Attempt 1 failed: wf_optimizer() missing 1 required positional argument: 'task_list'
Attempt 2 failed: wf_optimizer() missing 1 required positional argument: 'task_list'
Attempt 3 failed: wf_optimizer() missing 1 required positional argument: 'task_list'
**************************************************
Failed level: level3 at 972
Running level3 at number 76
Attempt 1 failed: wf_optimizer() missing 1 required positional argument: 'task_list'
Attempt 2 failed: wf_optimizer() missing 1 required positional argument: 'task_list'
Attempt 3 failed: wf_optimizer() missing 1 required positional argument: 'task_list'
**************************************************
Failed level: level3 at 1089
Running level3 at number 77
Attempt 1 failed: wf_optimizer() missing 1 required positional argument: 'task_list'
Attempt 2 failed: wf_optimizer() missing 1 required positional argument: 'task_list'
Attempt 3 failed: wf_optimizer() missing 1 required positional argument: 'task_list'
**************************************************
Failed level: level3 at 1129
Running level3 at number 78
Attempt 1 failed: wf_optimizer() missing 1 required positional argument: 'task_list'
Attempt 2 failed: wf_optimizer() missing 1 required positional argument: 'task_list'
Attempt 3 failed: wf_optimizer() missing 1 required positional argument: 'task_list'
**************************************************
Failed level: level3 at 1153
Running level3 at number 79
Attempt 1 failed: wf_optimizer() missing 1 required positional argument: 'task_list'
Attempt 2 failed: wf_optimizer() missing 1 required positional argument: 'task_list'
Attempt 3 failed: wf_optimizer() missing 1 required positional argument: 'task_list'
**************************************************
Failed level: level3 at 1168
Running level3 at number 80
Attempt 1 failed: wf_optimizer() missing 1 required positional argument: 'task_list'
Attempt 2 failed: wf_optimizer() missing 1 required positional argument: 'task_list'
Attempt 3 failed: wf_optimizer() missing 1 required positional argument: 'task_list'
**************************************************
Failed level: level3 at 1169
Running level3 at number 81
Attempt 1 failed: wf_optimizer() missing 1 required positional argument: 'task_list'
Attempt 2 failed: wf_optimizer() missing 1 required positional argument: 'task_list'
Attempt 3 failed: wf_optimizer() missing 1 required positional argument: 'task_list'
**************************************************
Failed level: level3 at 1170
Running level3 at number 82
Attempt 1 failed: wf_optimizer() missing 1 required positional argument: 'task_list'
Attempt 2 failed: wf_optimizer() missing 1 required positional argument: 'task_list'
Attempt 3 failed: wf_optimizer() missing 1 required positional argument: 'task_list'
**************************************************
Failed level: level3 at 1171
Running level3 at number 83
Attempt 1 failed: wf_optimizer() missing 1 required positional argument: 'task_list'
Attempt 2 failed: wf_optimizer() missing 1 required positional argument: 'task_list'
Attempt 3 failed: wf_optimizer() missing 1 required positional argument: 'task_list'
**************************************************
Failed level: level3 at 1316
Running level3 at number 84
Attempt 1 failed: wf_optimizer() missing 1 required positional argument: 'task_list'
Attempt 2 failed: wf_optimizer() missing 1 required positional argument: 'task_list'
Attempt 3 failed: wf_optimizer() missing 1 required positional argument: 'task_list'
**************************************************
Failed level: level3 at 1317
Running level3 at number 85
Attempt 1 failed: wf_optimizer() missing 1 required positional argument: 'task_list'
Attempt 2 failed: wf_optimizer() missing 1 required positional argument: 'task_list'
Attempt 3 failed: wf_optimizer() missing 1 required positional argument: 'task_list'
**************************************************
Failed level: level3 at 1363
Running level3 at number 86
Attempt 1 failed: wf_optimizer() missing 1 required positional argument: 'task_list'
Attempt 2 failed: wf_optimizer() missing 1 required positional argument: 'task_list'
Attempt 3 failed: wf_optimizer() missing 1 required positional argument: 'task_list'
**************************************************
Failed level: level3 at 1423
Running level3 at number 87
Attempt 1 failed: wf_optimizer() missing 1 required positional argument: 'task_list'
Attempt 2 failed: wf_optimizer() missing 1 required positional argument: 'task_list'
Attempt 3 failed: wf_optimizer() missing 1 required positional argument: 'task_list'
**************************************************
Failed level: level3 at 1424
Running level3 at number 88
Attempt 1 failed: wf_optimizer() missing 1 required positional argument: 'task_list'
Attempt 2 failed: wf_optimizer() missing 1 required positional argument: 'task_list'
Attempt 3 failed: wf_optimizer() missing 1 required positional argument: 'task_list'
**************************************************
Failed level: level3 at 1468
Running level3 at number 89
Attempt 1 failed: wf_optimizer() missing 1 required positional argument: 'task_list'
Attempt 2 failed: wf_optimizer() missing 1 required positional argument: 'task_list'
Attempt 3 failed: wf_optimizer() missing 1 required positional argument: 'task_list'
**************************************************
Failed level: level3 at 1469
Running level3 at number 90
Attempt 1 failed: wf_optimizer() missing 1 required positional argument: 'task_list'
Attempt 2 failed: wf_optimizer() missing 1 required positional argument: 'task_list'
Attempt 3 failed: wf_optimizer() missing 1 required positional argument: 'task_list'
**************************************************
Failed level: level3 at 1500
Running level3 at number 91
Attempt 1 failed: wf_optimizer() missing 1 required positional argument: 'task_list'
Attempt 2 failed: wf_optimizer() missing 1 required positional argument: 'task_list'
Attempt 3 failed: wf_optimizer() missing 1 required positional argument: 'task_list'
**************************************************
Failed level: level3 at 1514
Running level3 at number 92
Attempt 1 failed: wf_optimizer() missing 1 required positional argument: 'task_list'
Attempt 2 failed: wf_optimizer() missing 1 required positional argument: 'task_list'
Attempt 3 failed: wf_optimizer() missing 1 required positional argument: 'task_list'
**************************************************
Failed level: level3 at 1519
Running level3 at number 93
Attempt 1 failed: wf_optimizer() missing 1 required positional argument: 'task_list'
Attempt 2 failed: wf_optimizer() missing 1 required positional argument: 'task_list'
Attempt 3 failed: wf_optimizer() missing 1 required positional argument: 'task_list'
**************************************************
Failed level: level3 at 1520
Running level3 at number 94
Attempt 1 failed: wf_optimizer() missing 1 required positional argument: 'task_list'
Attempt 2 failed: wf_optimizer() missing 1 required positional argument: 'task_list'
Attempt 3 failed: wf_optimizer() missing 1 required positional argument: 'task_list'
**************************************************
Failed level: level3 at 1525
Running level3 at number 95
Attempt 1 failed: wf_optimizer() missing 1 required positional argument: 'task_list'
Attempt 2 failed: wf_optimizer() missing 1 required positional argument: 'task_list'
Attempt 3 failed: wf_optimizer() missing 1 required positional argument: 'task_list'
**************************************************
Failed level: level3 at 1537
Running level3 at number 96
Attempt 1 failed: wf_optimizer() missing 1 required positional argument: 'task_list'
Attempt 2 failed: wf_optimizer() missing 1 required positional argument: 'task_list'
Attempt 3 failed: wf_optimizer() missing 1 required positional argument: 'task_list'
**************************************************
Failed level: level3 at 1542
Running level3 at number 97
Attempt 1 failed: wf_optimizer() missing 1 required positional argument: 'task_list'
Attempt 2 failed: wf_optimizer() missing 1 required positional argument: 'task_list'
Attempt 3 failed: wf_optimizer() missing 1 required positional argument: 'task_list'
**************************************************
Failed level: level3 at 1545
Running level3 at number 98
Attempt 1 failed: wf_optimizer() missing 1 required positional argument: 'task_list'
Attempt 2 failed: wf_optimizer() missing 1 required positional argument: 'task_list'
Attempt 3 failed: wf_optimizer() missing 1 required positional argument: 'task_list'
**************************************************
Failed level: level3 at 1546
Running level3 at number 99
Attempt 1 failed: wf_optimizer() missing 1 required positional argument: 'task_list'
Attempt 2 failed: wf_optimizer() missing 1 required positional argument: 'task_list'
Attempt 3 failed: wf_optimizer() missing 1 required positional argument: 'task_list'
**************************************************
Failed level: level3 at 1547
level3 Generation Success
Processed 98 entries for level1 and saved to ./eval/data/predict/LLMs/FewShot/gpt-4o/testdata_level1.jsonl
Processed 99 entries for level2 and saved to ./eval/data/predict/LLMs/FewShot/gpt-4o/testdata_level2.jsonl
Processed 98 entries for level3 and saved to ./eval/data/predict/LLMs/FewShot/gpt-4o/testdata_level3.jsonl
Traceback (most recent call last):
  File "/home/UNT/ae0589/project/action_engine/eval/yaml_to_predict.py", line 193, in <module>
    process_files(gt_dir, pred_dir, output_dir)
  File "/home/UNT/ae0589/project/action_engine/eval/yaml_to_predict.py", line 77, in process_files
    pred_data = read_json(pred_file)
                ^^^^^^^^^^^^^^^^^^^^
  File "/home/UNT/ae0589/project/action_engine/eval/yaml_to_predict.py", line 23, in read_json
    with open(file_path, 'r') as f:
         ^^^^^^^^^^^^^^^^^^^^
FileNotFoundError: [Errno 2] No such file or directory: './eval/data/predict/LLMs/FewShot-CoT/gpt-4o/level1_result.json'
Error occurred while running: python eval/yaml_to_predict.py
Processed 98 entries for level1 and saved to ./eval/data/predict/LLMs/FewShot/gpt-4o/testdata_level1.jsonl
Processed 99 entries for level2 and saved to ./eval/data/predict/LLMs/FewShot/gpt-4o/testdata_level2.jsonl
Processed 98 entries for level3 and saved to ./eval/data/predict/LLMs/FewShot/gpt-4o/testdata_level3.jsonl
Traceback (most recent call last):
  File "/home/UNT/ae0589/project/action_engine/eval/yaml_to_predict.py", line 193, in <module>
    process_files(gt_dir, pred_dir, output_dir)
  File "/home/UNT/ae0589/project/action_engine/eval/yaml_to_predict.py", line 77, in process_files
    pred_data = read_json(pred_file)
                ^^^^^^^^^^^^^^^^^^^^
  File "/home/UNT/ae0589/project/action_engine/eval/yaml_to_predict.py", line 23, in read_json
    with open(file_path, 'r') as f:
         ^^^^^^^^^^^^^^^^^^^^
FileNotFoundError: [Errno 2] No such file or directory: './eval/data/predict/LLMs/FewShot-CoT/gpt-4o/level1_result.json'
Error occurred while running: python eval/yaml_to_predict.py
/home/UNT/ae0589/project/action_engine/utils/llms.py:33: LangChainDeprecationWarning: The class `ChatOpenAI` was deprecated in LangChain 0.0.10 and will be removed in 1.0. An updated version of the class exists in the :class:`~langchain-openai package and should be used instead. To use it run `pip install -U :class:`~langchain-openai` and import as `from :class:`~langchain_openai import ChatOpenAI``.
  _loaded_model = ChatOpenAI(model="gpt-4o", temperature=0, api_key=openai_api_key)
/home/UNT/ae0589/project/action_engine/eval/data/predict/fewshot_COT_param.py:29: LangChainDeprecationWarning: Importing OpenAIEmbeddings from langchain.embeddings is deprecated. Please replace deprecated imports:

>> from langchain.embeddings import OpenAIEmbeddings

with new imports of:

>> from langchain_community.embeddings import OpenAIEmbeddings
You can use the langchain cli to **automatically** upgrade many imports. Please see documentation here <https://python.langchain.com/docs/versions/v0_2/>
  from langchain.embeddings import OpenAIEmbeddings
/home/UNT/ae0589/project/action_engine/utils/llms.py:109: LangChainDeprecationWarning: The function `convert_pydantic_to_openai_function` was deprecated in LangChain 0.1.16 and will be removed in 1.0. Use :meth:`~langchain_core.utils.function_calling.convert_to_openai_function()` instead.
  extraction_functions = [convert_pydantic_to_openai_function(pydantic_schema)]
Running level1 at number 0
Running level1 at number 1
Running level1 at number 2
Running level1 at number 3
Running level1 at number 4
Running level1 at number 5
Running level1 at number 6
Running level1 at number 7
Running level1 at number 8
Running level1 at number 9
Running level1 at number 10
Running level1 at number 11
Running level1 at number 12
Running level1 at number 13
Running level1 at number 14
Running level1 at number 15
Running level1 at number 16
Running level1 at number 17
Running level1 at number 18
Running level1 at number 19
Running level1 at number 20
Running level1 at number 21
Running level1 at number 22
Running level1 at number 23
Running level1 at number 24
Running level1 at number 25
Running level1 at number 26
Running level1 at number 27
Running level1 at number 28
Running level1 at number 29
Running level1 at number 30
Running level1 at number 31
Running level1 at number 32
Running level1 at number 33
Running level1 at number 34
Running level1 at number 35
Running level1 at number 36
Running level1 at number 37
Running level1 at number 38
Running level1 at number 39
Running level1 at number 40
Running level1 at number 41
Running level1 at number 42
Running level1 at number 43
Running level1 at number 44
Running level1 at number 45
Running level1 at number 46
Running level1 at number 47
Running level1 at number 48
Running level1 at number 49
Running level1 at number 50
Running level1 at number 51
Running level1 at number 52
Running level1 at number 53
Running level1 at number 54
Running level1 at number 55
Running level1 at number 56
Running level1 at number 57
Running level1 at number 58
Running level1 at number 59
Running level1 at number 60
Running level1 at number 61
Running level1 at number 62
Running level1 at number 63
Running level1 at number 64
Running level1 at number 65
Running level1 at number 66
Running level1 at number 67
Running level1 at number 68
Running level1 at number 69
Running level1 at number 70
Running level1 at number 71
Running level1 at number 72
Running level1 at number 73
Running level1 at number 74
Running level1 at number 75
Running level1 at number 76
Running level1 at number 77
Running level1 at number 78
Running level1 at number 79
Running level1 at number 80
Running level1 at number 81
Running level1 at number 82
Running level1 at number 83
Running level1 at number 84
Running level1 at number 85
Running level1 at number 86
Running level1 at number 87
Running level1 at number 88
Running level1 at number 89
Running level1 at number 90
Running level1 at number 91
Running level1 at number 92
Running level1 at number 93
Running level1 at number 94
Running level1 at number 95
Running level1 at number 96
Running level1 at number 97
Running level1 at number 98
Running level1 at number 99
level1 Generation Success
Running level2 at number 0
Running level2 at number 1
Running level2 at number 2
Running level2 at number 3
Running level2 at number 4
Running level2 at number 5
Running level2 at number 6
Running level2 at number 7
Running level2 at number 8
Running level2 at number 9
Running level2 at number 10
Running level2 at number 11
Running level2 at number 12
Running level2 at number 13
Running level2 at number 14
Running level2 at number 15
Running level2 at number 16
Running level2 at number 17
Running level2 at number 18
Running level2 at number 19
Running level2 at number 20
Running level2 at number 21
Running level2 at number 22
Running level2 at number 23
Running level2 at number 24
Running level2 at number 25
Running level2 at number 26
Running level2 at number 27
Running level2 at number 28
Running level2 at number 29
Running level2 at number 30
Running level2 at number 31
Running level2 at number 32
Running level2 at number 33
Running level2 at number 34
Running level2 at number 35
Running level2 at number 36
Running level2 at number 37
Running level2 at number 38
Running level2 at number 39
Running level2 at number 40
Running level2 at number 41
Running level2 at number 42
Running level2 at number 43
Running level2 at number 44
Running level2 at number 45
Running level2 at number 46
Running level2 at number 47
Running level2 at number 48
Running level2 at number 49
Running level2 at number 50
Running level2 at number 51
Running level2 at number 52
Running level2 at number 53
Running level2 at number 54
Running level2 at number 55
Running level2 at number 56
Running level2 at number 57
Running level2 at number 58
Running level2 at number 59
Running level2 at number 60
Running level2 at number 61
Running level2 at number 62
Running level2 at number 63
Running level2 at number 64
Running level2 at number 65
Running level2 at number 66
Running level2 at number 67
Running level2 at number 68
Running level2 at number 69
Running level2 at number 70
Running level2 at number 71
Running level2 at number 72
Running level2 at number 73
Running level2 at number 74
Running level2 at number 75
Running level2 at number 76
Running level2 at number 77
Running level2 at number 78
Running level2 at number 79
Running level2 at number 80
Running level2 at number 81
Running level2 at number 82
Running level2 at number 83
Running level2 at number 84
Running level2 at number 85
Running level2 at number 86
Running level2 at number 87
Running level2 at number 88
Running level2 at number 89
Running level2 at number 90
Running level2 at number 91
Running level2 at number 92
Running level2 at number 93
Running level2 at number 94
Running level2 at number 95
Running level2 at number 96
Running level2 at number 97
Running level2 at number 98
Running level2 at number 99
level2 Generation Success
Running level3 at number 0
Running level3 at number 1
Running level3 at number 2
Running level3 at number 3
Running level3 at number 4
Running level3 at number 5
Running level3 at number 6
Running level3 at number 7
Running level3 at number 8
Running level3 at number 9
Running level3 at number 10
Running level3 at number 11
Running level3 at number 12
Running level3 at number 13
Running level3 at number 14
Running level3 at number 15
Running level3 at number 16
Running level3 at number 17
Running level3 at number 18
Running level3 at number 19
Running level3 at number 20
Running level3 at number 21
Running level3 at number 22
Running level3 at number 23
Running level3 at number 24
Running level3 at number 25
Running level3 at number 26
Running level3 at number 27
Running level3 at number 28
Running level3 at number 29
Running level3 at number 30
Running level3 at number 31
Running level3 at number 32
Running level3 at number 33
Running level3 at number 34
Running level3 at number 35
Running level3 at number 36
Running level3 at number 37
Running level3 at number 38
Running level3 at number 39
Running level3 at number 40
Running level3 at number 41
Running level3 at number 42
Running level3 at number 43
Running level3 at number 44
Running level3 at number 45
Running level3 at number 46
Running level3 at number 47
Running level3 at number 48
Running level3 at number 49
Running level3 at number 50
Running level3 at number 51
Running level3 at number 52
Running level3 at number 53
Running level3 at number 54
Running level3 at number 55
Running level3 at number 56
Running level3 at number 57
Running level3 at number 58
Running level3 at number 59
Running level3 at number 60
Running level3 at number 61
Running level3 at number 62
Running level3 at number 63
Running level3 at number 64
Running level3 at number 65
Running level3 at number 66
Running level3 at number 67
Running level3 at number 68
Running level3 at number 69
Running level3 at number 70
Running level3 at number 71
Running level3 at number 72
Running level3 at number 73
Running level3 at number 74
Running level3 at number 75
Running level3 at number 76
Running level3 at number 77
Running level3 at number 78
Running level3 at number 79
Running level3 at number 80
Running level3 at number 81
Running level3 at number 82
Running level3 at number 83
Running level3 at number 84
Running level3 at number 85
Running level3 at number 86
Running level3 at number 87
Running level3 at number 88
Running level3 at number 89
Running level3 at number 90
Running level3 at number 91
Running level3 at number 92
Running level3 at number 93
Running level3 at number 94
Running level3 at number 95
Running level3 at number 96
Running level3 at number 97
Running level3 at number 98
Running level3 at number 99
level3 Generation Success
Total execution time: 1871.63 seconds
Processed 98 entries for level1 and saved to ./eval/data/predict/LLMs/FewShot/gpt-4o/testdata_level1.jsonl
Processed 99 entries for level2 and saved to ./eval/data/predict/LLMs/FewShot/gpt-4o/testdata_level2.jsonl
Processed 98 entries for level3 and saved to ./eval/data/predict/LLMs/FewShot/gpt-4o/testdata_level3.jsonl
Processed 96 entries for level1 and saved to ./eval/data/predict/LLMs/FewShot-CoT/gpt-4o/testdata_level1.jsonl
Processed 98 entries for level2 and saved to ./eval/data/predict/LLMs/FewShot-CoT/gpt-4o/testdata_level2.jsonl
Processed 96 entries for level3 and saved to ./eval/data/predict/LLMs/FewShot-CoT/gpt-4o/testdata_level3.jsonl
Processed 0 entries for level1 and saved to ./eval/data/predict/AE/gpt-4o/testdata_level1.jsonl
Processed 0 entries for level2 and saved to ./eval/data/predict/AE/gpt-4o/testdata_level2.jsonl
Processed 0 entries for level3 and saved to ./eval/data/predict/AE/gpt-4o/testdata_level3.jsonl
Processed 0 entries for level1 and saved to ./eval/data/predict/AE/gpt-4o/testdata_level1.jsonl
Processed 0 entries for level2 and saved to ./eval/data/predict/AE/gpt-4o/testdata_level2.jsonl
Processed 0 entries for level3 and saved to ./eval/data/predict/AE/gpt-4o/testdata_level3.jsonl
Results for FewShot saved
Results for FewShot CoT saved
Results for Action Engine saved
Traceback (most recent call last):
  File "/home/UNT/ae0589/project/action_engine/eval/culculate.py", line 280, in <module>
    main()
  File "/home/UNT/ae0589/project/action_engine/eval/culculate.py", line 254, in main
    process_all_files(input_dir, all_data, config_name, num_bootstrap_samples=1000)
  File "/home/UNT/ae0589/project/action_engine/eval/culculate.py", line 214, in process_all_files
    raw_dataset = read_jsonl(input_path)
                  ^^^^^^^^^^^^^^^^^^^^^^
  File "/home/UNT/ae0589/project/action_engine/eval/culculate.py", line 11, in read_jsonl
    with open(file_path, 'r') as f:
         ^^^^^^^^^^^^^^^^^^^^
FileNotFoundError: [Errno 2] No such file or directory: './eval/data/predict/AE_Reverse/gpt-4o/testdata_level1.jsonl'
Error occurred while running: python eval/culculate.py
Processed 98 entries for level1 and saved to ./eval/data/predict/LLMs/FewShot/gpt-4o/testdata_level1.jsonl
Processed 99 entries for level2 and saved to ./eval/data/predict/LLMs/FewShot/gpt-4o/testdata_level2.jsonl
Processed 98 entries for level3 and saved to ./eval/data/predict/LLMs/FewShot/gpt-4o/testdata_level3.jsonl
Processed 96 entries for level1 and saved to ./eval/data/predict/LLMs/FewShot-CoT/gpt-4o/testdata_level1.jsonl
Processed 98 entries for level2 and saved to ./eval/data/predict/LLMs/FewShot-CoT/gpt-4o/testdata_level2.jsonl
Processed 96 entries for level3 and saved to ./eval/data/predict/LLMs/FewShot-CoT/gpt-4o/testdata_level3.jsonl
Processed 0 entries for level1 and saved to ./eval/data/predict/AE/gpt-4o/testdata_level1.jsonl
Processed 0 entries for level2 and saved to ./eval/data/predict/AE/gpt-4o/testdata_level2.jsonl
Processed 0 entries for level3 and saved to ./eval/data/predict/AE/gpt-4o/testdata_level3.jsonl
Processed 0 entries for level1 and saved to ./eval/data/predict/AE/gpt-4o/testdata_level1.jsonl
Processed 0 entries for level2 and saved to ./eval/data/predict/AE/gpt-4o/testdata_level2.jsonl
Processed 0 entries for level3 and saved to ./eval/data/predict/AE/gpt-4o/testdata_level3.jsonl
Results for FewShot saved
Results for FewShot CoT saved
Results for Action Engine saved
/home/UNT/ae0589/project/action_engine/eval/plot.py:64: MatplotlibDeprecationWarning: The get_cmap function was deprecated in Matplotlib 3.7 and will be removed in 3.11. Use ``matplotlib.colormaps[name]`` or ``matplotlib.colormaps.get_cmap()`` or ``pyplot.get_cmap()`` instead.
  colors = plt.cm.get_cmap("tab10", num_methods)
Processed 98 entries for level1 and saved to ./eval/data/predict/LLMs/FewShot/gpt-4o/testdata_level1.jsonl
Processed 99 entries for level2 and saved to ./eval/data/predict/LLMs/FewShot/gpt-4o/testdata_level2.jsonl
Processed 98 entries for level3 and saved to ./eval/data/predict/LLMs/FewShot/gpt-4o/testdata_level3.jsonl
Processed 96 entries for level1 and saved to ./eval/data/predict/LLMs/FewShot-CoT/gpt-4o/testdata_level1.jsonl
Processed 98 entries for level2 and saved to ./eval/data/predict/LLMs/FewShot-CoT/gpt-4o/testdata_level2.jsonl
Processed 96 entries for level3 and saved to ./eval/data/predict/LLMs/FewShot-CoT/gpt-4o/testdata_level3.jsonl
Processed 0 entries for level1 and saved to ./eval/data/predict/AE/gpt-4o/testdata_level1.jsonl
Processed 0 entries for level2 and saved to ./eval/data/predict/AE/gpt-4o/testdata_level2.jsonl
Processed 0 entries for level3 and saved to ./eval/data/predict/AE/gpt-4o/testdata_level3.jsonl
Processed 0 entries for level1 and saved to ./eval/data/predict/AE/gpt-4o/testdata_level1.jsonl
Processed 0 entries for level2 and saved to ./eval/data/predict/AE/gpt-4o/testdata_level2.jsonl
Processed 0 entries for level3 and saved to ./eval/data/predict/AE/gpt-4o/testdata_level3.jsonl
Results for FewShot saved
Results for FewShot CoT saved
Results for Action Engine saved
/home/UNT/ae0589/project/action_engine/eval/plot.py:64: MatplotlibDeprecationWarning: The get_cmap function was deprecated in Matplotlib 3.7 and will be removed in 3.11. Use ``matplotlib.colormaps[name]`` or ``matplotlib.colormaps.get_cmap()`` or ``pyplot.get_cmap()`` instead.
  colors = plt.cm.get_cmap("tab10", num_methods)
Processed 98 entries for level1 and saved to ./eval/data/predict/LLMs/FewShot/gpt-4o/testdata_level1.jsonl
Processed 99 entries for level2 and saved to ./eval/data/predict/LLMs/FewShot/gpt-4o/testdata_level2.jsonl
Processed 98 entries for level3 and saved to ./eval/data/predict/LLMs/FewShot/gpt-4o/testdata_level3.jsonl
Processed 96 entries for level1 and saved to ./eval/data/predict/LLMs/FewShot-CoT/gpt-4o/testdata_level1.jsonl
Processed 98 entries for level2 and saved to ./eval/data/predict/LLMs/FewShot-CoT/gpt-4o/testdata_level2.jsonl
Processed 96 entries for level3 and saved to ./eval/data/predict/LLMs/FewShot-CoT/gpt-4o/testdata_level3.jsonl
Processed 0 entries for level1 and saved to ./eval/data/predict/AE/gpt-4o/testdata_level1.jsonl
Processed 0 entries for level2 and saved to ./eval/data/predict/AE/gpt-4o/testdata_level2.jsonl
Processed 0 entries for level3 and saved to ./eval/data/predict/AE/gpt-4o/testdata_level3.jsonl
Processed 0 entries for level1 and saved to ./eval/data/predict/AE/gpt-4o/testdata_level1.jsonl
Processed 0 entries for level2 and saved to ./eval/data/predict/AE/gpt-4o/testdata_level2.jsonl
Processed 0 entries for level3 and saved to ./eval/data/predict/AE/gpt-4o/testdata_level3.jsonl
Results for FewShot saved
Results for FewShot CoT saved
Results for Action Engine saved
/home/UNT/ae0589/project/action_engine/eval/plot.py:64: MatplotlibDeprecationWarning: The get_cmap function was deprecated in Matplotlib 3.7 and will be removed in 3.11. Use ``matplotlib.colormaps[name]`` or ``matplotlib.colormaps.get_cmap()`` or ``pyplot.get_cmap()`` instead.
  colors = plt.cm.get_cmap("tab10", num_methods)
Processed 98 entries for level1 and saved to ./eval/data/predict/LLMs/FewShot/gpt-4o/testdata_level1.jsonl
Processed 99 entries for level2 and saved to ./eval/data/predict/LLMs/FewShot/gpt-4o/testdata_level2.jsonl
Processed 98 entries for level3 and saved to ./eval/data/predict/LLMs/FewShot/gpt-4o/testdata_level3.jsonl
Processed 96 entries for level1 and saved to ./eval/data/predict/LLMs/FewShot-CoT/gpt-4o/testdata_level1.jsonl
Processed 98 entries for level2 and saved to ./eval/data/predict/LLMs/FewShot-CoT/gpt-4o/testdata_level2.jsonl
Processed 96 entries for level3 and saved to ./eval/data/predict/LLMs/FewShot-CoT/gpt-4o/testdata_level3.jsonl
Processed 99 entries for level1 and saved to ./eval/data/predict/AE/gpt-4o/testdata_level1.jsonl
Processed 90 entries for level2 and saved to ./eval/data/predict/AE/gpt-4o/testdata_level2.jsonl
Processed 76 entries for level3 and saved to ./eval/data/predict/AE/gpt-4o/testdata_level3.jsonl
Processed 99 entries for level1 and saved to ./eval/data/predict/AE/gpt-4o/testdata_level1.jsonl
Processed 90 entries for level2 and saved to ./eval/data/predict/AE/gpt-4o/testdata_level2.jsonl
Processed 76 entries for level3 and saved to ./eval/data/predict/AE/gpt-4o/testdata_level3.jsonl
Results for FewShot saved
Results for FewShot CoT saved
Results for Action Engine saved
/home/UNT/ae0589/project/action_engine/eval/plot.py:64: MatplotlibDeprecationWarning: The get_cmap function was deprecated in Matplotlib 3.7 and will be removed in 3.11. Use ``matplotlib.colormaps[name]`` or ``matplotlib.colormaps.get_cmap()`` or ``pyplot.get_cmap()`` instead.
  colors = plt.cm.get_cmap("tab10", num_methods)
/home/UNT/ae0589/project/action_engine/utils/func_identifier.py:12: LangChainDeprecationWarning: Importing OpenAIEmbeddings from langchain.embeddings is deprecated. Please replace deprecated imports:

>> from langchain.embeddings import OpenAIEmbeddings

with new imports of:

>> from langchain_community.embeddings import OpenAIEmbeddings
You can use the langchain cli to **automatically** upgrade many imports. Please see documentation here <https://python.langchain.com/docs/versions/v0_2/>
  from langchain.embeddings import OpenAIEmbeddings
/home/UNT/ae0589/project/action_engine/utils/func_identifier.py:24: LangChainDeprecationWarning: The class `OpenAIEmbeddings` was deprecated in LangChain 0.0.9 and will be removed in 1.0. An updated version of the class exists in the :class:`~langchain-openai package and should be used instead. To use it run `pip install -U :class:`~langchain-openai` and import as `from :class:`~langchain_openai import OpenAIEmbeddings``.
  embedding_function = OpenAIEmbeddings(model="text-embedding-3-large")
/home/UNT/ae0589/project/action_engine/utils/data_dependency.py:14: LangChainDeprecationWarning: Importing OpenAIEmbeddings from langchain.embeddings is deprecated. Please replace deprecated imports:

>> from langchain.embeddings import OpenAIEmbeddings

with new imports of:

>> from langchain_community.embeddings import OpenAIEmbeddings
You can use the langchain cli to **automatically** upgrade many imports. Please see documentation here <https://python.langchain.com/docs/versions/v0_2/>
  from langchain.embeddings import OpenAIEmbeddings
/home/UNT/ae0589/miniconda3/envs/ae/lib/python3.12/site-packages/langchain/chat_models/__init__.py:33: LangChainDeprecationWarning: Importing chat models from langchain is deprecated. Importing from langchain will no longer be supported as of langchain==0.2.0. Please import from langchain-community instead:

`from langchain_community.chat_models import ChatOpenAI`.

To install langchain-community run `pip install -U langchain-community`.
  warnings.warn(
/home/UNT/ae0589/project/action_engine/utils/llm.py:10: LangChainDeprecationWarning: The class `ChatOpenAI` was deprecated in LangChain 0.0.10 and will be removed in 1.0. An updated version of the class exists in the :class:`~langchain-openai package and should be used instead. To use it run `pip install -U :class:`~langchain-openai` and import as `from :class:`~langchain_openai import ChatOpenAI``.
  model = ChatOpenAI(
Running level1 at number 0
Attempt 1 failed: wf_optimizer() missing 1 required positional argument: 'task_list'
Attempt 2 failed: wf_optimizer() missing 1 required positional argument: 'task_list'
Attempt 3 failed: wf_optimizer() missing 1 required positional argument: 'task_list'
**************************************************
Failed level: level1 at 42
Running level1 at number 1
Attempt 1 failed: wf_optimizer() missing 1 required positional argument: 'task_list'
Attempt 2 failed: wf_optimizer() missing 1 required positional argument: 'task_list'
Attempt 3 failed: wf_optimizer() missing 1 required positional argument: 'task_list'
**************************************************
Failed level: level1 at 45
Running level1 at number 2
Attempt 1 failed: wf_optimizer() missing 1 required positional argument: 'task_list'
Attempt 2 failed: wf_optimizer() missing 1 required positional argument: 'task_list'
Attempt 3 failed: wf_optimizer() missing 1 required positional argument: 'task_list'
**************************************************
Failed level: level1 at 51
Running level1 at number 3
Attempt 1 failed: wf_optimizer() missing 1 required positional argument: 'task_list'
Attempt 2 failed: wf_optimizer() missing 1 required positional argument: 'task_list'
Attempt 3 failed: wf_optimizer() missing 1 required positional argument: 'task_list'
**************************************************
Failed level: level1 at 52
Running level1 at number 4
Attempt 1 failed: wf_optimizer() missing 1 required positional argument: 'task_list'
Attempt 2 failed: wf_optimizer() missing 1 required positional argument: 'task_list'
Attempt 3 failed: wf_optimizer() missing 1 required positional argument: 'task_list'
**************************************************
Failed level: level1 at 54
Running level1 at number 5
Attempt 1 failed: wf_optimizer() missing 1 required positional argument: 'task_list'
Attempt 2 failed: wf_optimizer() missing 1 required positional argument: 'task_list'
Attempt 3 failed: wf_optimizer() missing 1 required positional argument: 'task_list'
**************************************************
Failed level: level1 at 74
Running level1 at number 6
Attempt 1 failed: wf_optimizer() missing 1 required positional argument: 'task_list'
Attempt 2 failed: wf_optimizer() missing 1 required positional argument: 'task_list'
Attempt 3 failed: wf_optimizer() missing 1 required positional argument: 'task_list'
**************************************************
Failed level: level1 at 75
Running level1 at number 7
Attempt 1 failed: wf_optimizer() missing 1 required positional argument: 'task_list'
Attempt 2 failed: wf_optimizer() missing 1 required positional argument: 'task_list'
Attempt 3 failed: wf_optimizer() missing 1 required positional argument: 'task_list'
**************************************************
Failed level: level1 at 79
Running level1 at number 8
Attempt 1 failed: wf_optimizer() missing 1 required positional argument: 'task_list'
Attempt 2 failed: wf_optimizer() missing 1 required positional argument: 'task_list'
Attempt 3 failed: wf_optimizer() missing 1 required positional argument: 'task_list'
**************************************************
Failed level: level1 at 95
Running level1 at number 9
Attempt 1 failed: wf_optimizer() missing 1 required positional argument: 'task_list'
Attempt 2 failed: wf_optimizer() missing 1 required positional argument: 'task_list'
Attempt 3 failed: wf_optimizer() missing 1 required positional argument: 'task_list'
**************************************************
Failed level: level1 at 102
Running level1 at number 10
Attempt 1 failed: wf_optimizer() missing 1 required positional argument: 'task_list'
Attempt 2 failed: wf_optimizer() missing 1 required positional argument: 'task_list'
Attempt 3 failed: wf_optimizer() missing 1 required positional argument: 'task_list'
**************************************************
Failed level: level1 at 132
Running level1 at number 11
Attempt 1 failed: wf_optimizer() missing 1 required positional argument: 'task_list'
Attempt 2 failed: wf_optimizer() missing 1 required positional argument: 'task_list'
Attempt 3 failed: wf_optimizer() missing 1 required positional argument: 'task_list'
**************************************************
Failed level: level1 at 134
Running level1 at number 12
Attempt 1 failed: wf_optimizer() missing 1 required positional argument: 'task_list'
Attempt 2 failed: wf_optimizer() missing 1 required positional argument: 'task_list'
Attempt 3 failed: wf_optimizer() missing 1 required positional argument: 'task_list'
**************************************************
Failed level: level1 at 193
Running level1 at number 13
Attempt 1 failed: wf_optimizer() missing 1 required positional argument: 'task_list'
Attempt 2 failed: wf_optimizer() missing 1 required positional argument: 'task_list'
Attempt 3 failed: wf_optimizer() missing 1 required positional argument: 'task_list'
**************************************************
Failed level: level1 at 194
Running level1 at number 14
Attempt 1 failed: wf_optimizer() missing 1 required positional argument: 'task_list'
Attempt 2 failed: wf_optimizer() missing 1 required positional argument: 'task_list'
Attempt 3 failed: wf_optimizer() missing 1 required positional argument: 'task_list'
**************************************************
Failed level: level1 at 196
Running level1 at number 15
Attempt 1 failed: wf_optimizer() missing 1 required positional argument: 'task_list'
Attempt 2 failed: wf_optimizer() missing 1 required positional argument: 'task_list'
Attempt 3 failed: wf_optimizer() missing 1 required positional argument: 'task_list'
**************************************************
Failed level: level1 at 198
Running level1 at number 16
Attempt 1 failed: wf_optimizer() missing 1 required positional argument: 'task_list'
Attempt 2 failed: wf_optimizer() missing 1 required positional argument: 'task_list'
Attempt 3 failed: wf_optimizer() missing 1 required positional argument: 'task_list'
**************************************************
Failed level: level1 at 199
Running level1 at number 17
Attempt 1 failed: wf_optimizer() missing 1 required positional argument: 'task_list'
Attempt 2 failed: wf_optimizer() missing 1 required positional argument: 'task_list'
Attempt 3 failed: wf_optimizer() missing 1 required positional argument: 'task_list'
**************************************************
Failed level: level1 at 200
Running level1 at number 18
Attempt 1 failed: wf_optimizer() missing 1 required positional argument: 'task_list'
Attempt 2 failed: wf_optimizer() missing 1 required positional argument: 'task_list'
Attempt 3 failed: wf_optimizer() missing 1 required positional argument: 'task_list'
**************************************************
Failed level: level1 at 202
Running level1 at number 19
Attempt 1 failed: wf_optimizer() missing 1 required positional argument: 'task_list'
Attempt 2 failed: wf_optimizer() missing 1 required positional argument: 'task_list'
Attempt 3 failed: wf_optimizer() missing 1 required positional argument: 'task_list'
**************************************************
Failed level: level1 at 205
Running level1 at number 20
Attempt 1 failed: wf_optimizer() missing 1 required positional argument: 'task_list'
Attempt 2 failed: wf_optimizer() missing 1 required positional argument: 'task_list'
Attempt 3 failed: wf_optimizer() missing 1 required positional argument: 'task_list'
**************************************************
Failed level: level1 at 206
Running level1 at number 21
Attempt 1 failed: wf_optimizer() missing 1 required positional argument: 'task_list'
Attempt 2 failed: wf_optimizer() missing 1 required positional argument: 'task_list'
Attempt 3 failed: wf_optimizer() missing 1 required positional argument: 'task_list'
**************************************************
Failed level: level1 at 251
Running level1 at number 22
Attempt 1 failed: wf_optimizer() missing 1 required positional argument: 'task_list'
Attempt 2 failed: wf_optimizer() missing 1 required positional argument: 'task_list'
Traceback (most recent call last):
  File "/home/UNT/ae0589/project/action_engine/eval/data/predict/action_engine_param.py", line 64, in generate_yaml_file_from_query
    semantic_wf = wf_optimizer(user_query, task_list)
                  ^^^^^^^^^^^^^^^^^^^^^^^^^^^^^^^^^^^
TypeError: wf_optimizer() missing 1 required positional argument: 'task_list'

During handling of the above exception, another exception occurred:

Traceback (most recent call last):
  File "<frozen runpy>", line 198, in _run_module_as_main
  File "<frozen runpy>", line 88, in _run_code
  File "/home/UNT/ae0589/project/action_engine/eval/data/predict/action_engine_param.py", line 139, in <module>
    main()
  File "/home/UNT/ae0589/project/action_engine/eval/data/predict/action_engine_param.py", line 112, in main
    success_staus, argo_wf = generate_yaml_file_from_query(query, selected_f)
                             ^^^^^^^^^^^^^^^^^^^^^^^^^^^^^^^^^^^^^^^^^^^^^^^^
  File "/home/UNT/ae0589/project/action_engine/eval/data/predict/action_engine_param.py", line 76, in generate_yaml_file_from_query
    time.sleep(1)  # 1-second delay before retrying
    ^^^^^^^^^^^^^
KeyboardInterrupt
Attempt 3 failed: wf_optimizer() missing 1 required positional argument: 'task_list'
**************************************************
Failed level: level1 at 253
Running level1 at number 23
Attempt 1 failed: wf_optimizer() missing 1 required positional argument: 'task_list'
Attempt 2 failed: wf_optimizer() missing 1 required positional argument: 'task_list'
Attempt 3 failed: wf_optimizer() missing 1 required positional argument: 'task_list'
**************************************************
Failed level: level1 at 255
Running level1 at number 24
Attempt 1 failed: wf_optimizer() missing 1 required positional argument: 'task_list'
Attempt 2 failed: wf_optimizer() missing 1 required positional argument: 'task_list'
Attempt 3 failed: wf_optimizer() missing 1 required positional argument: 'task_list'
**************************************************
Failed level: level1 at 263
Running level1 at number 25
Attempt 1 failed: wf_optimizer() missing 1 required positional argument: 'task_list'
Attempt 2 failed: wf_optimizer() missing 1 required positional argument: 'task_list'
Attempt 3 failed: wf_optimizer() missing 1 required positional argument: 'task_list'
**************************************************
Failed level: level1 at 264
Running level1 at number 26
Attempt 1 failed: wf_optimizer() missing 1 required positional argument: 'task_list'
Attempt 2 failed: wf_optimizer() missing 1 required positional argument: 'task_list'
Attempt 3 failed: wf_optimizer() missing 1 required positional argument: 'task_list'
**************************************************
Failed level: level1 at 265
Running level1 at number 27
Attempt 1 failed: wf_optimizer() missing 1 required positional argument: 'task_list'
Attempt 2 failed: wf_optimizer() missing 1 required positional argument: 'task_list'
Attempt 3 failed: wf_optimizer() missing 1 required positional argument: 'task_list'
**************************************************
Failed level: level1 at 267
Running level1 at number 28
Attempt 1 failed: wf_optimizer() missing 1 required positional argument: 'task_list'
Attempt 2 failed: wf_optimizer() missing 1 required positional argument: 'task_list'
Attempt 3 failed: wf_optimizer() missing 1 required positional argument: 'task_list'
**************************************************
Failed level: level1 at 269
Running level1 at number 29
Attempt 1 failed: wf_optimizer() missing 1 required positional argument: 'task_list'
Attempt 2 failed: wf_optimizer() missing 1 required positional argument: 'task_list'
Attempt 3 failed: wf_optimizer() missing 1 required positional argument: 'task_list'
**************************************************
Failed level: level1 at 271
Running level1 at number 30
Attempt 1 failed: wf_optimizer() missing 1 required positional argument: 'task_list'
Attempt 2 failed: wf_optimizer() missing 1 required positional argument: 'task_list'
Attempt 3 failed: wf_optimizer() missing 1 required positional argument: 'task_list'
**************************************************
Failed level: level1 at 273
Running level1 at number 31
Attempt 1 failed: wf_optimizer() missing 1 required positional argument: 'task_list'
Attempt 2 failed: wf_optimizer() missing 1 required positional argument: 'task_list'
Attempt 3 failed: wf_optimizer() missing 1 required positional argument: 'task_list'
**************************************************
Failed level: level1 at 274
Running level1 at number 32
Attempt 1 failed: wf_optimizer() missing 1 required positional argument: 'task_list'
Attempt 2 failed: wf_optimizer() missing 1 required positional argument: 'task_list'
Attempt 3 failed: wf_optimizer() missing 1 required positional argument: 'task_list'
**************************************************
Failed level: level1 at 282
Running level1 at number 33
Attempt 1 failed: wf_optimizer() missing 1 required positional argument: 'task_list'
Attempt 2 failed: wf_optimizer() missing 1 required positional argument: 'task_list'
Attempt 3 failed: wf_optimizer() missing 1 required positional argument: 'task_list'
**************************************************
Failed level: level1 at 284
Running level1 at number 34
Attempt 1 failed: wf_optimizer() missing 1 required positional argument: 'task_list'
Attempt 2 failed: wf_optimizer() missing 1 required positional argument: 'task_list'
Attempt 3 failed: wf_optimizer() missing 1 required positional argument: 'task_list'
**************************************************
Failed level: level1 at 287
Running level1 at number 35
Attempt 1 failed: wf_optimizer() missing 1 required positional argument: 'task_list'
Attempt 2 failed: wf_optimizer() missing 1 required positional argument: 'task_list'
Attempt 3 failed: wf_optimizer() missing 1 required positional argument: 'task_list'
**************************************************
Failed level: level1 at 291
Running level1 at number 36
Attempt 1 failed: wf_optimizer() missing 1 required positional argument: 'task_list'
Attempt 2 failed: wf_optimizer() missing 1 required positional argument: 'task_list'
Attempt 3 failed: wf_optimizer() missing 1 required positional argument: 'task_list'
**************************************************
Failed level: level1 at 292
Running level1 at number 37
Attempt 1 failed: wf_optimizer() missing 1 required positional argument: 'task_list'
Attempt 2 failed: wf_optimizer() missing 1 required positional argument: 'task_list'
Attempt 3 failed: wf_optimizer() missing 1 required positional argument: 'task_list'
**************************************************
Failed level: level1 at 294
Running level1 at number 38
Attempt 1 failed: wf_optimizer() missing 1 required positional argument: 'task_list'
Attempt 2 failed: wf_optimizer() missing 1 required positional argument: 'task_list'
Attempt 3 failed: wf_optimizer() missing 1 required positional argument: 'task_list'
**************************************************
Failed level: level1 at 296
Running level1 at number 39
Attempt 1 failed: wf_optimizer() missing 1 required positional argument: 'task_list'
Attempt 2 failed: wf_optimizer() missing 1 required positional argument: 'task_list'
Attempt 3 failed: wf_optimizer() missing 1 required positional argument: 'task_list'
**************************************************
Failed level: level1 at 297
Running level1 at number 40
Attempt 1 failed: wf_optimizer() missing 1 required positional argument: 'task_list'
Attempt 2 failed: wf_optimizer() missing 1 required positional argument: 'task_list'
Attempt 3 failed: wf_optimizer() missing 1 required positional argument: 'task_list'
**************************************************
Failed level: level1 at 298
Running level1 at number 41
Attempt 1 failed: wf_optimizer() missing 1 required positional argument: 'task_list'
Attempt 2 failed: wf_optimizer() missing 1 required positional argument: 'task_list'
Attempt 3 failed: wf_optimizer() missing 1 required positional argument: 'task_list'
Traceback (most recent call last):
  File "/home/UNT/ae0589/project/action_engine/eval/data/predict/run_experiment.py", line 21, in <module>
    result = subprocess.run(command, shell=True)
             ^^^^^^^^^^^^^^^^^^^^^^^^^^^^^^^^^^^
  File "/home/UNT/ae0589/miniconda3/envs/ae/lib/python3.12/subprocess.py", line 550, in run
    stdout, stderr = process.communicate(input, timeout=timeout)
                     ^^^^^^^^^^^^^^^^^^^^^^^^^^^^^^^^^^^^^^^^^^^
  File "/home/UNT/ae0589/miniconda3/envs/ae/lib/python3.12/subprocess.py", line 1201, in communicate
    self.wait()
  File "/home/UNT/ae0589/miniconda3/envs/ae/lib/python3.12/subprocess.py", line 1264, in wait
    return self._wait(timeout=timeout)
           ^^^^^^^^^^^^^^^^^^^^^^^^^^^
  File "/home/UNT/ae0589/miniconda3/envs/ae/lib/python3.12/subprocess.py", line 2053, in _wait
    (pid, sts) = self._try_wait(0)
                 ^^^^^^^^^^^^^^^^^
  File "/home/UNT/ae0589/miniconda3/envs/ae/lib/python3.12/subprocess.py", line 2011, in _try_wait
    (pid, sts) = os.waitpid(self.pid, wait_flags)
                 ^^^^^^^^^^^^^^^^^^^^^^^^^^^^^^^^
KeyboardInterrupt
/home/UNT/ae0589/project/action_engine/utils/func_identifier.py:12: LangChainDeprecationWarning: Importing OpenAIEmbeddings from langchain.embeddings is deprecated. Please replace deprecated imports:

>> from langchain.embeddings import OpenAIEmbeddings

with new imports of:

>> from langchain_community.embeddings import OpenAIEmbeddings
You can use the langchain cli to **automatically** upgrade many imports. Please see documentation here <https://python.langchain.com/docs/versions/v0_2/>
  from langchain.embeddings import OpenAIEmbeddings
/home/UNT/ae0589/project/action_engine/utils/func_identifier.py:24: LangChainDeprecationWarning: The class `OpenAIEmbeddings` was deprecated in LangChain 0.0.9 and will be removed in 1.0. An updated version of the class exists in the :class:`~langchain-openai package and should be used instead. To use it run `pip install -U :class:`~langchain-openai` and import as `from :class:`~langchain_openai import OpenAIEmbeddings``.
  embedding_function = OpenAIEmbeddings(model="text-embedding-3-large")
/home/UNT/ae0589/project/action_engine/utils/data_dependency.py:14: LangChainDeprecationWarning: Importing OpenAIEmbeddings from langchain.embeddings is deprecated. Please replace deprecated imports:

>> from langchain.embeddings import OpenAIEmbeddings

with new imports of:

>> from langchain_community.embeddings import OpenAIEmbeddings
You can use the langchain cli to **automatically** upgrade many imports. Please see documentation here <https://python.langchain.com/docs/versions/v0_2/>
  from langchain.embeddings import OpenAIEmbeddings
/home/UNT/ae0589/miniconda3/envs/ae/lib/python3.12/site-packages/langchain/chat_models/__init__.py:33: LangChainDeprecationWarning: Importing chat models from langchain is deprecated. Importing from langchain will no longer be supported as of langchain==0.2.0. Please import from langchain-community instead:

`from langchain_community.chat_models import ChatOpenAI`.

To install langchain-community run `pip install -U langchain-community`.
  warnings.warn(
/home/UNT/ae0589/project/action_engine/utils/llm.py:10: LangChainDeprecationWarning: The class `ChatOpenAI` was deprecated in LangChain 0.0.10 and will be removed in 1.0. An updated version of the class exists in the :class:`~langchain-openai package and should be used instead. To use it run `pip install -U :class:`~langchain-openai` and import as `from :class:`~langchain_openai import ChatOpenAI``.
  model = ChatOpenAI(
/home/UNT/ae0589/project/action_engine/utils/llms.py:109: LangChainDeprecationWarning: The function `convert_pydantic_to_openai_function` was deprecated in LangChain 0.1.16 and will be removed in 1.0. Use :meth:`~langchain_core.utils.function_calling.convert_to_openai_function()` instead.
  extraction_functions = [convert_pydantic_to_openai_function(pydantic_schema)]
Running level1 at number 0
Running level1 at number 1
Running level1 at number 2
Running level1 at number 3
Attempt 1 failed: 2
Attempt 2 failed: 2
Attempt 3 failed: 2
**************************************************
Failed level: level1 at 52
Running level1 at number 4
Attempt 1 failed: 2
Attempt 2 failed: 2
Attempt 3 failed: 2
**************************************************
Failed level: level1 at 54
Running level1 at number 5
Running level1 at number 6
Running level1 at number 7
Running level1 at number 8
Running level1 at number 9
Attempt 1 failed: 2
Running level1 at number 10
Running level1 at number 11
Running level1 at number 12
Running level1 at number 13
Running level1 at number 14
Running level1 at number 15
Running level1 at number 16
Running level1 at number 17
Running level1 at number 18
Running level1 at number 19
Running level1 at number 20
Running level1 at number 21
Running level1 at number 22
Running level1 at number 23
Running level1 at number 24
Running level1 at number 25
Running level1 at number 26
Running level1 at number 27
Running level1 at number 28
Running level1 at number 29
Running level1 at number 30
Running level1 at number 31
Running level1 at number 32
Running level1 at number 33
Running level1 at number 34
Running level1 at number 35
Running level1 at number 36
Running level1 at number 37
Running level1 at number 38
Running level1 at number 39
Running level1 at number 40
Running level1 at number 41
Running level1 at number 42
Running level1 at number 43
Running level1 at number 44
Running level1 at number 45
Running level1 at number 46
Running level1 at number 47
Running level1 at number 48
Running level1 at number 49
Running level1 at number 50
Running level1 at number 51
Running level1 at number 52
Running level1 at number 53
Running level1 at number 54
Running level1 at number 55
Running level1 at number 56
Running level1 at number 57
Running level1 at number 58
Running level1 at number 59
Running level1 at number 60
Attempt 1 failed: 2
Running level1 at number 61
Running level1 at number 62
Running level1 at number 63
Running level1 at number 64
Running level1 at number 65
Running level1 at number 66
Running level1 at number 67
Running level1 at number 68
Running level1 at number 69
Running level1 at number 70
Running level1 at number 71
Running level1 at number 72
Running level1 at number 73
Running level1 at number 74
Running level1 at number 75
Running level1 at number 76
Running level1 at number 77
Running level1 at number 78
Running level1 at number 79
Running level1 at number 80
Running level1 at number 81
Running level1 at number 82
Running level1 at number 83
Running level1 at number 84
Running level1 at number 85
Running level1 at number 86
Running level1 at number 87
Running level1 at number 88
Attempt 1 failed: 2
Attempt 2 failed: 2
Attempt 3 failed: 2
**************************************************
Failed level: level1 at 1400
Running level1 at number 89
Running level1 at number 90
Running level1 at number 91
Running level1 at number 92
Running level1 at number 93
Running level1 at number 94
Running level1 at number 95
Running level1 at number 96
Running level1 at number 97
Running level1 at number 98
Running level1 at number 99
level1 Generation Success
Running level2 at number 0
Running level2 at number 1
Running level2 at number 2
Running level2 at number 3
Attempt 1 failed: 3
Attempt 2 failed: 3
Attempt 3 failed: 3
**************************************************
Failed level: level2 at 37
Running level2 at number 4
Attempt 1 failed: 1
Attempt 2 failed: 1
Attempt 3 failed: 1
**************************************************
Failed level: level2 at 138
Running level2 at number 5
Running level2 at number 6
Running level2 at number 7
Running level2 at number 8
Running level2 at number 9
Running level2 at number 10
Running level2 at number 11
Attempt 1 failed: 3
Attempt 2 failed: 3
Running level2 at number 12
Running level2 at number 13
Running level2 at number 14
Attempt 1 failed: 1
Attempt 2 failed: 1
Attempt 3 failed: 1
**************************************************
Failed level: level2 at 431
Running level2 at number 15
Attempt 1 failed: 3
Attempt 2 failed: 3
Attempt 3 failed: 3
**************************************************
Failed level: level2 at 440
Running level2 at number 16
Running level2 at number 17
Running level2 at number 18
Attempt 1 failed: 2
Attempt 2 failed: 2
Attempt 3 failed: 2
**************************************************
Failed level: level2 at 455
Running level2 at number 19
Attempt 1 failed: 1
Attempt 2 failed: 1
Attempt 3 failed: 1
**************************************************
Failed level: level2 at 468
Running level2 at number 20
Running level2 at number 21
Running level2 at number 22
Running level2 at number 23
Attempt 1 failed: 2
Attempt 2 failed: 2
Attempt 3 failed: 2
**************************************************
Failed level: level2 at 540
Running level2 at number 24
Running level2 at number 25
Attempt 1 failed: 1
Attempt 2 failed: 1
Attempt 3 failed: 1
**************************************************
Failed level: level2 at 582
Running level2 at number 26
Running level2 at number 27
Running level2 at number 28
Attempt 1 failed: 1
Attempt 2 failed: 1
Attempt 3 failed: 1
**************************************************
Failed level: level2 at 605
Running level2 at number 29
Running level2 at number 30
Running level2 at number 31
Running level2 at number 32
Running level2 at number 33
Running level2 at number 34
Running level2 at number 35
Running level2 at number 36
Running level2 at number 37
Running level2 at number 38
Running level2 at number 39
Running level2 at number 40
Running level2 at number 41
Attempt 1 failed: 1
Attempt 2 failed: 1
Attempt 3 failed: 1
**************************************************
Failed level: level2 at 759
Running level2 at number 42
Running level2 at number 43
Running level2 at number 44
Running level2 at number 45
Running level2 at number 46
Running level2 at number 47
Attempt 1 failed: 1
Attempt 2 failed: 1
Attempt 3 failed: 1
**************************************************
Failed level: level2 at 830
Running level2 at number 48
Running level2 at number 49
Running level2 at number 50
Running level2 at number 51
Attempt 1 failed: 2
Attempt 2 failed: 2
Attempt 3 failed: 2
**************************************************
Failed level: level2 at 933
Running level2 at number 52
Attempt 1 failed: 1
Attempt 2 failed: 1
Attempt 3 failed: 1
**************************************************
Failed level: level2 at 945
Running level2 at number 53
Running level2 at number 54
Attempt 1 failed: 2
Attempt 2 failed: 2
Attempt 3 failed: 2
**************************************************
Failed level: level2 at 959
Running level2 at number 55
Running level2 at number 56
Attempt 1 failed: 2
Attempt 2 failed: 2
Attempt 3 failed: 2
**************************************************
Failed level: level2 at 967
Running level2 at number 57
Running level2 at number 58
Running level2 at number 59
Running level2 at number 60
Running level2 at number 61
Running level2 at number 62
Running level2 at number 63
Attempt 1 failed: 3
Attempt 2 failed: 3
Attempt 3 failed: 3
**************************************************
Failed level: level2 at 1075
Running level2 at number 64
Running level2 at number 65
Attempt 1 failed: 1
Attempt 2 failed: 1
Attempt 3 failed: 1
**************************************************
Failed level: level2 at 1088
Running level2 at number 66
Running level2 at number 67
Running level2 at number 68
Running level2 at number 69
Running level2 at number 70
Running level2 at number 71
Running level2 at number 72
Running level2 at number 73
Running level2 at number 74
Attempt 1 failed: 2
Attempt 2 failed: 2
Attempt 3 failed: 2
**************************************************
Failed level: level2 at 1190
Running level2 at number 75
Running level2 at number 76
Running level2 at number 77
Running level2 at number 78
Running level2 at number 79
Attempt 1 failed: 1
Attempt 2 failed: 1
Attempt 3 failed: 1
**************************************************
Failed level: level2 at 1250
Running level2 at number 80
Running level2 at number 81
Running level2 at number 82
Attempt 1 failed: 1
Attempt 2 failed: 1
Attempt 3 failed: 1
**************************************************
Failed level: level2 at 1267
Running level2 at number 83
Running level2 at number 84
Running level2 at number 85
Running level2 at number 86
Running level2 at number 87
Running level2 at number 88
Running level2 at number 89
Running level2 at number 90
Running level2 at number 91
Running level2 at number 92
Running level2 at number 93
Running level2 at number 94
Running level2 at number 95
Running level2 at number 96
Running level2 at number 97
Running level2 at number 98
Running level2 at number 99
level2 Generation Success
Running level3 at number 0
Running level3 at number 1
Attempt 1 failed: 3
Attempt 2 failed: 3
Attempt 3 failed: 3
**************************************************
Failed level: level3 at 20
Running level3 at number 2
Attempt 1 failed: 3
Attempt 2 failed: 3
Attempt 3 failed: 3
**************************************************
Failed level: level3 at 21
Running level3 at number 3
Attempt 1 failed: 3
Attempt 2 failed: 3
Attempt 3 failed: 3
**************************************************
Failed level: level3 at 22
Running level3 at number 4
Attempt 1 failed: 1
Attempt 2 failed: 1
Attempt 3 failed: 1
**************************************************
Failed level: level3 at 89
Running level3 at number 5
Attempt 1 failed: 1
Attempt 2 failed: 1
Attempt 3 failed: 1
**************************************************
Failed level: level3 at 90
Running level3 at number 6
Attempt 1 failed: 1
Attempt 2 failed: 1
Attempt 3 failed: 1
**************************************************
Failed level: level3 at 91
Running level3 at number 7
Attempt 1 failed: 1
Attempt 2 failed: 1
Attempt 3 failed: 1
**************************************************
Failed level: level3 at 92
Running level3 at number 8
Attempt 1 failed: 1
Attempt 2 failed: 1
Attempt 3 failed: 1
**************************************************
Failed level: level3 at 94
Running level3 at number 9
Running level3 at number 10
Running level3 at number 11
Running level3 at number 12
Attempt 1 failed: 3
Attempt 2 failed: 3
Attempt 3 failed: 3
**************************************************
Failed level: level3 at 109
Running level3 at number 13
Attempt 1 failed: 3
Attempt 2 failed: 3
Attempt 3 failed: 3
**************************************************
Failed level: level3 at 110
Running level3 at number 14
Attempt 1 failed: 1
Attempt 2 failed: 1
Attempt 3 failed: 1
**************************************************
Failed level: level3 at 111
Running level3 at number 15
Attempt 1 failed: 3
Attempt 2 failed: 1
Attempt 3 failed: 3
**************************************************
Failed level: level3 at 113
Running level3 at number 16
Attempt 1 failed: 3
Attempt 2 failed: 3
Attempt 3 failed: 3
**************************************************
Failed level: level3 at 117
Running level3 at number 17
Attempt 1 failed: 3
Attempt 2 failed: 2
Attempt 3 failed: 2
**************************************************
Failed level: level3 at 118
Running level3 at number 18
Attempt 1 failed: 2
Attempt 2 failed: 2
Attempt 3 failed: 2
**************************************************
Failed level: level3 at 119
Running level3 at number 19
Attempt 1 failed: 2
Attempt 2 failed: 2
Attempt 3 failed: 2
**************************************************
Failed level: level3 at 120
Running level3 at number 20
Attempt 1 failed: 2
Attempt 2 failed: 2
Attempt 3 failed: 2
**************************************************
Failed level: level3 at 121
Running level3 at number 21
Attempt 1 failed: 2
Attempt 2 failed: 2
Attempt 3 failed: 2
**************************************************
Failed level: level3 at 122
Running level3 at number 22
Attempt 1 failed: 2
Attempt 2 failed: 2
Attempt 3 failed: 2
**************************************************
Failed level: level3 at 123
Running level3 at number 23
Attempt 1 failed: 2
Attempt 2 failed: 2
Attempt 3 failed: 2
**************************************************
Failed level: level3 at 124
Running level3 at number 24
Running level3 at number 25
Running level3 at number 26
Running level3 at number 27
Running level3 at number 28
Attempt 1 failed: 1
Running level3 at number 29
Attempt 1 failed: 1
Attempt 2 failed: 1
Attempt 3 failed: 1
**************************************************
Failed level: level3 at 207
Running level3 at number 30
Attempt 1 failed: 1
Attempt 2 failed: 1
Attempt 3 failed: 1
**************************************************
Failed level: level3 at 208
Running level3 at number 31
Attempt 1 failed: 1
Attempt 2 failed: 1
Attempt 3 failed: 1
**************************************************
Failed level: level3 at 209
Running level3 at number 32
Attempt 1 failed: 1
Attempt 2 failed: 1
Attempt 3 failed: 1
**************************************************
Failed level: level3 at 214
Running level3 at number 33
Attempt 1 failed: 1
Attempt 2 failed: 1
Attempt 3 failed: 1
**************************************************
Failed level: level3 at 215
Running level3 at number 34
Attempt 1 failed: 1
Attempt 2 failed: 1
Attempt 3 failed: 1
**************************************************
Failed level: level3 at 216
Running level3 at number 35
Attempt 1 failed: 1
Attempt 2 failed: 1
Attempt 3 failed: 1
**************************************************
Failed level: level3 at 217
Running level3 at number 36
Running level3 at number 37
Running level3 at number 38
Running level3 at number 39
Attempt 1 failed: 1
Attempt 2 failed: 1
Attempt 3 failed: 1
**************************************************
Failed level: level3 at 379
Running level3 at number 40
Running level3 at number 41
Running level3 at number 42
Attempt 1 failed: 1
Attempt 2 failed: 1
Attempt 3 failed: 1
**************************************************
Failed level: level3 at 414
Running level3 at number 43
Running level3 at number 44
Attempt 1 failed: 1
Attempt 2 failed: 1
Attempt 3 failed: 1
**************************************************
Failed level: level3 at 416
Running level3 at number 45
Running level3 at number 46
Running level3 at number 47
Running level3 at number 48
Running level3 at number 49
Running level3 at number 50
Attempt 1 failed: 2
Attempt 2 failed: 2
Attempt 3 failed: 2
**************************************************
Failed level: level3 at 478
Running level3 at number 51
Running level3 at number 52
Attempt 1 failed: 2
Attempt 2 failed: 2
Attempt 3 failed: 2
**************************************************
Failed level: level3 at 481
Running level3 at number 53
Running level3 at number 54
Running level3 at number 55
Attempt 1 failed: 1
Attempt 2 failed: 1
Attempt 3 failed: 1
**************************************************
Failed level: level3 at 632
Running level3 at number 56
Attempt 1 failed: 1
Attempt 2 failed: 1
Attempt 3 failed: 1
**************************************************
Failed level: level3 at 633
Running level3 at number 57
Running level3 at number 58
Running level3 at number 59
Attempt 1 failed: 4
Attempt 2 failed: 4
Attempt 3 failed: 4
**************************************************
Failed level: level3 at 639
Running level3 at number 60
Attempt 1 failed: 4
Attempt 2 failed: 4
Attempt 3 failed: 4
**************************************************
Failed level: level3 at 640
Running level3 at number 61
Running level3 at number 62
Running level3 at number 63
Running level3 at number 64
Running level3 at number 65
Running level3 at number 66
Running level3 at number 67
Running level3 at number 68
Running level3 at number 69
Running level3 at number 70
Running level3 at number 71
Running level3 at number 72
Running level3 at number 73
Running level3 at number 74
Attempt 1 failed: 2
Attempt 2 failed: 2
Attempt 3 failed: 2
**************************************************
Failed level: level3 at 889
Running level3 at number 75
Running level3 at number 76
Running level3 at number 77
Running level3 at number 78
Running level3 at number 79
Running level3 at number 80
Running level3 at number 81
Running level3 at number 82
Running level3 at number 83
Running level3 at number 84
Running level3 at number 85
Running level3 at number 86
Attempt 1 failed: 3
Attempt 2 failed: 3
Attempt 3 failed: 3
**************************************************
Failed level: level3 at 1423
Running level3 at number 87
Attempt 1 failed: 3
Attempt 2 failed: 3
Attempt 3 failed: 3
**************************************************
Failed level: level3 at 1424
Running level3 at number 88
Attempt 1 failed: 2
Attempt 2 failed: 2
Attempt 3 failed: 2
**************************************************
Failed level: level3 at 1468
Running level3 at number 89
Running level3 at number 90
Running level3 at number 91
Running level3 at number 92
Running level3 at number 93
Running level3 at number 94
Running level3 at number 95
Running level3 at number 96
Attempt 1 failed: 3
Attempt 2 failed: 3
Attempt 3 failed: 3
**************************************************
Failed level: level3 at 1542
Running level3 at number 97
Running level3 at number 98
Running level3 at number 99
level3 Generation Success
Processed 98 entries for level1 and saved to ./eval/data/predict/LLMs/FewShot/gpt-4o/testdata_level1.jsonl
Processed 99 entries for level2 and saved to ./eval/data/predict/LLMs/FewShot/gpt-4o/testdata_level2.jsonl
Processed 98 entries for level3 and saved to ./eval/data/predict/LLMs/FewShot/gpt-4o/testdata_level3.jsonl
Processed 96 entries for level1 and saved to ./eval/data/predict/LLMs/FewShot-CoT/gpt-4o/testdata_level1.jsonl
Processed 98 entries for level2 and saved to ./eval/data/predict/LLMs/FewShot-CoT/gpt-4o/testdata_level2.jsonl
Processed 96 entries for level3 and saved to ./eval/data/predict/LLMs/FewShot-CoT/gpt-4o/testdata_level3.jsonl
Processed 97 entries for level1 and saved to ./eval/data/predict/AE/gpt-4o/testdata_level1.jsonl
Processed 80 entries for level2 and saved to ./eval/data/predict/AE/gpt-4o/testdata_level2.jsonl
Processed 59 entries for level3 and saved to ./eval/data/predict/AE/gpt-4o/testdata_level3.jsonl
Processed 97 entries for level1 and saved to ./eval/data/predict/AE/gpt-4o/testdata_level1.jsonl
Processed 80 entries for level2 and saved to ./eval/data/predict/AE/gpt-4o/testdata_level2.jsonl
Processed 59 entries for level3 and saved to ./eval/data/predict/AE/gpt-4o/testdata_level3.jsonl
Results for FewShot saved
Results for FewShot CoT saved
Results for Action Engine saved
/home/UNT/ae0589/project/action_engine/eval/plot.py:64: MatplotlibDeprecationWarning: The get_cmap function was deprecated in Matplotlib 3.7 and will be removed in 3.11. Use ``matplotlib.colormaps[name]`` or ``matplotlib.colormaps.get_cmap()`` or ``pyplot.get_cmap()`` instead.
  colors = plt.cm.get_cmap("tab10", num_methods)
You are attempting to use Flash Attention 2.0 with a model not initialized on GPU. Make sure to move the model to GPU after initializing it on CPU with `model.to('cuda')`.
Loading tokenizer...
Loading model...

Loading checkpoint shards:   0%|          | 0/3 [00:00<?, ?it/s]
Loading checkpoint shards:  33%|      | 1/3 [00:01<00:02,  1.41s/it]
Loading checkpoint shards:  67%|   | 2/3 [00:02<00:01,  1.29s/it]
Loading checkpoint shards: 100%|| 3/3 [00:03<00:00,  1.10s/it]
Loading checkpoint shards: 100%|| 3/3 [00:03<00:00,  1.16s/it]
The model 'OptimizedModule' is not supported for text-generation. Supported models are ['BartForCausalLM', 'BertLMHeadModel', 'BertGenerationDecoder', 'BigBirdForCausalLM', 'BigBirdPegasusForCausalLM', 'BioGptForCausalLM', 'BlenderbotForCausalLM', 'BlenderbotSmallForCausalLM', 'BloomForCausalLM', 'CamembertForCausalLM', 'LlamaForCausalLM', 'CodeGenForCausalLM', 'CohereForCausalLM', 'CpmAntForCausalLM', 'CTRLLMHeadModel', 'Data2VecTextForCausalLM', 'DbrxForCausalLM', 'ElectraForCausalLM', 'ErnieForCausalLM', 'FalconForCausalLM', 'FalconMambaForCausalLM', 'FuyuForCausalLM', 'GemmaForCausalLM', 'Gemma2ForCausalLM', 'GitForCausalLM', 'GPT2LMHeadModel', 'GPT2LMHeadModel', 'GPTBigCodeForCausalLM', 'GPTNeoForCausalLM', 'GPTNeoXForCausalLM', 'GPTNeoXJapaneseForCausalLM', 'GPTJForCausalLM', 'GraniteForCausalLM', 'GraniteMoeForCausalLM', 'JambaForCausalLM', 'JetMoeForCausalLM', 'LlamaForCausalLM', 'MambaForCausalLM', 'Mamba2ForCausalLM', 'MarianForCausalLM', 'MBartForCausalLM', 'MegaForCausalLM', 'MegatronBertForCausalLM', 'MistralForCausalLM', 'MixtralForCausalLM', 'MllamaForCausalLM', 'MptForCausalLM', 'MusicgenForCausalLM', 'MusicgenMelodyForCausalLM', 'MvpForCausalLM', 'NemotronForCausalLM', 'OlmoForCausalLM', 'OlmoeForCausalLM', 'OpenLlamaForCausalLM', 'OpenAIGPTLMHeadModel', 'OPTForCausalLM', 'PegasusForCausalLM', 'PersimmonForCausalLM', 'PhiForCausalLM', 'Phi3ForCausalLM', 'PLBartForCausalLM', 'ProphetNetForCausalLM', 'QDQBertLMHeadModel', 'Qwen2ForCausalLM', 'Qwen2MoeForCausalLM', 'RecurrentGemmaForCausalLM', 'ReformerModelWithLMHead', 'RemBertForCausalLM', 'RobertaForCausalLM', 'RobertaPreLayerNormForCausalLM', 'RoCBertForCausalLM', 'RoFormerForCausalLM', 'RwkvForCausalLM', 'Speech2Text2ForCausalLM', 'StableLmForCausalLM', 'Starcoder2ForCausalLM', 'TransfoXLLMHeadModel', 'TrOCRForCausalLM', 'WhisperForCausalLM', 'XGLMForCausalLM', 'XLMWithLMHeadModel', 'XLMProphetNetForCausalLM', 'XLMRobertaForCausalLM', 'XLMRobertaXLForCausalLM', 'XLNetLMHeadModel', 'XmodForCausalLM'].
/home/UNT/ae0589/project/action_engine/eval/data/predict/fewshot_COT_param.py:31: LangChainDeprecationWarning: Importing OpenAIEmbeddings from langchain.embeddings is deprecated. Please replace deprecated imports:


QwenCoder32B models:
Processed 87 entries for level1 and saved to ./eval/data/predict/LLMs/ZeroShot/Qwen/Qwen2.5-Coder-32B-Instruct-GPTQ-Int8/testdata_level1.jsonl
Processed 80 entries for level2 and saved to ./eval/data/predict/LLMs/ZeroShot/Qwen/Qwen2.5-Coder-32B-Instruct-GPTQ-Int8/testdata_level2.jsonl
Processed 76 entries for level3 and saved to ./eval/data/predict/LLMs/ZeroShot/Qwen/Qwen2.5-Coder-32B-Instruct-GPTQ-Int8/testdata_level3.jsonl
Processed 83 entries for level1 and saved to ./eval/data/predict/LLMs/ZeroShot-CoT/Qwen/Qwen2.5-Coder-32B-Instruct-GPTQ-Int8/testdata_level1.jsonl
Processed 82 entries for level2 and saved to ./eval/data/predict/LLMs/ZeroShot-CoT/Qwen/Qwen2.5-Coder-32B-Instruct-GPTQ-Int8/testdata_level2.jsonl
Processed 91 entries for level3 and saved to ./eval/data/predict/LLMs/ZeroShot-CoT/Qwen/Qwen2.5-Coder-32B-Instruct-GPTQ-Int8/testdata_level3.jsonl
Processed 84 entries for level1 and saved to ./eval/data/predict/LLMs/FewShot/Qwen/Qwen2.5-Coder-32B-Instruct-GPTQ-Int8/testdata_level1.jsonl
Processed 85 entries for level2 and saved to ./eval/data/predict/LLMs/FewShot/Qwen/Qwen2.5-Coder-32B-Instruct-GPTQ-Int8/testdata_level2.jsonl
Processed 87 entries for level3 and saved to ./eval/data/predict/LLMs/FewShot/Qwen/Qwen2.5-Coder-32B-Instruct-GPTQ-Int8/testdata_level3.jsonl
Processed 84 entries for level1 and saved to ./eval/data/predict/LLMs/FewShot-CoT/Qwen/Qwen2.5-Coder-32B-Instruct-GPTQ-Int8/testdata_level1.jsonl
Processed 80 entries for level2 and saved to ./eval/data/predict/LLMs/FewShot-CoT/Qwen/Qwen2.5-Coder-32B-Instruct-GPTQ-Int8/testdata_level2.jsonl
Processed 80 entries for level3 and saved to ./eval/data/predict/LLMs/FewShot-CoT/Qwen/Qwen2.5-Coder-32B-Instruct-GPTQ-Int8/testdata_level3.jsonl
Processed 84 entries for level1 and saved to ./eval/data/predict/LLMs/FewShot-CoT/Qwen/Qwen2.5-Coder-32B-Instruct-GPTQ-Int8/testdata_level1.jsonl
Processed 80 entries for level2 and saved to ./eval/data/predict/LLMs/FewShot-CoT/Qwen/Qwen2.5-Coder-32B-Instruct-GPTQ-Int8/testdata_level2.jsonl
Processed 80 entries for level3 and saved to ./eval/data/predict/LLMs/FewShot-CoT/Qwen/Qwen2.5-Coder-32B-Instruct-GPTQ-Int8/testdata_level3.jsonl